2026-04-05 22:11:11,671 | INFO | [L7_APPLICATION] | API_REQUEST_IN | Method: GET | Path: /api/v1/students/
2026-04-05 22:11:11,672 | INFO | [L6_PRESENTATION] | DE-ENCAPSULATION | Received Data PDU (Size: 0 bytes)
2026-04-05 22:11:11,673 | INFO | [L7_APPLICATION] | API_REQUEST_IN | Method: GET | Path: /api/v1/taxis/
2026-04-05 22:11:11,674 | INFO | [L6_PRESENTATION] | DE-ENCAPSULATION | Received Data PDU (Size: 0 bytes)
2026-04-05 22:11:11,675 | INFO | [L7_APPLICATION] | API_REQUEST_IN | Method: GET | Path: /api/v1/bicycles/
2026-04-05 22:11:11,675 | INFO | [L6_PRESENTATION] | DE-ENCAPSULATION | Received Data PDU (Size: 0 bytes)
2026-04-05 22:11:11,676 | INFO | [L7_APPLICATION] | API_REQUEST_IN | Method: GET | Path: /api/v1/students/
2026-04-05 22:11:11,677 | INFO | [L6_PRESENTATION] | DE-ENCAPSULATION | Received Data PDU (Size: 0 bytes)
2026-04-05 22:11:11,677 | INFO | [L7_APPLICATION] | API_REQUEST_IN | Method: GET | Path: /api/v1/bicycles/
2026-04-05 22:11:11,678 | INFO | [L6_PRESENTATION] | DE-ENCAPSULATION | Received Data PDU (Size: 0 bytes)
2026-04-05 22:11:11,679 | INFO | [L7_APPLICATION] | API_REQUEST_IN | Method: GET | Path: /api/v1/taxis/
2026-04-05 22:11:11,680 | INFO | [L6_PRESENTATION] | DE-ENCAPSULATION | Received Data PDU (Size: 0 bytes)
2026-04-05 22:11:11,681 | INFO | [L7_APPLICATION] | API_REQUEST_IN | Method: GET | Path: /api/v1/bicycles/
2026-04-05 22:11:11,681 | INFO | [L6_PRESENTATION] | DE-ENCAPSULATION | Received Data PDU (Size: 0 bytes)
2026-04-05 22:11:11,682 | INFO | [L7_APPLICATION] | API_REQUEST_IN | Method: GET | Path: /api/v1/students/
2026-04-05 22:11:11,683 | INFO | [L6_PRESENTATION] | DE-ENCAPSULATION | Received Data PDU (Size: 0 bytes)
2026-04-05 22:11:11,684 | INFO | [L7_APPLICATION] | API_REQUEST_IN | Method: GET | Path: /api/v1/buses/
2026-04-05 22:11:11,685 | INFO | [L6_PRESENTATION] | DE-ENCAPSULATION | Received Data PDU (Size: 0 bytes)
2026-04-05 22:11:11,686 | INFO | [L7_APPLICATION] | API_REQUEST_IN | Method: GET | Path: /api/v1/drivers/
2026-04-05 22:11:11,687 | INFO | [L6_PRESENTATION] | DE-ENCAPSULATION | Received Data PDU (Size: 0 bytes)
2026-04-05 22:11:11,688 | INFO | [L7_APPLICATION] | API_REQUEST_IN | Method: GET | Path: /api/v1/drivers/
2026-04-05 22:11:11,689 | INFO | [L6_PRESENTATION] | DE-ENCAPSULATION | Received Data PDU (Size: 0 bytes)
2026-04-05 22:11:11,693 | INFO | [L7_APPLICATION] | API_REQUEST_IN | Method: GET | Path: /api/v1/buses/
2026-04-05 22:11:11,698 | INFO | [L6_PRESENTATION] | DE-ENCAPSULATION | Received Data PDU (Size: 0 bytes)
2026-04-05 22:11:11,699 | INFO | [L7_APPLICATION] | API_REQUEST_IN | Method: GET | Path: /api/v1/taxis/
2026-04-05 22:11:11,700 | INFO | [L6_PRESENTATION] | DE-ENCAPSULATION | Received Data PDU (Size: 0 bytes)
2026-04-05 22:11:11,703 | INFO | [L7_APPLICATION] | API_REQUEST_IN | Method: GET | Path: /api/v1/drivers/
2026-04-05 22:11:11,706 | INFO | [L6_PRESENTATION] | DE-ENCAPSULATION | Received Data PDU (Size: 0 bytes)
2026-04-05 22:11:11,707 | INFO | [L7_APPLICATION] | API_REQUEST_IN | Method: GET | Path: /api/v1/students/
2026-04-05 22:11:11,708 | INFO | [L6_PRESENTATION] | DE-ENCAPSULATION | Received Data PDU (Size: 0 bytes)
2026-04-05 22:11:11,709 | INFO | [L7_APPLICATION] | API_REQUEST_IN | Method: GET | Path: /api/v1/drivers/
2026-04-05 22:11:11,712 | INFO | [L6_PRESENTATION] | DE-ENCAPSULATION | Received Data PDU (Size: 0 bytes)
2026-04-05 22:11:11,718 | INFO | [L7_APPLICATION] | API_REQUEST_IN | Method: GET | Path: /api/v1/drivers/
2026-04-05 22:11:11,719 | INFO | [L6_PRESENTATION] | DE-ENCAPSULATION | Received Data PDU (Size: 0 bytes)
2026-04-05 22:11:11,721 | INFO | [L7_APPLICATION] | API_REQUEST_IN | Method: GET | Path: /api/v1/taxis/
2026-04-05 22:11:11,722 | INFO | [L6_PRESENTATION] | DE-ENCAPSULATION | Received Data PDU (Size: 0 bytes)
2026-04-05 22:11:11,724 | INFO | [L7_APPLICATION] | API_REQUEST_IN | Method: GET | Path: /api/v1/taxis/
2026-04-05 22:11:11,725 | INFO | [L6_PRESENTATION] | DE-ENCAPSULATION | Received Data PDU (Size: 0 bytes)
2026-04-05 22:11:11,727 | INFO | [L7_APPLICATION] | API_REQUEST_IN | Method: GET | Path: /api/v1/bicycles/
2026-04-05 22:11:11,728 | INFO | [L6_PRESENTATION] | DE-ENCAPSULATION | Received Data PDU (Size: 0 bytes)
2026-04-05 22:11:11,729 | INFO | [L7_APPLICATION] | API_REQUEST_IN | Method: GET | Path: /api/v1/students/
2026-04-05 22:11:11,730 | INFO | [L6_PRESENTATION] | DE-ENCAPSULATION | Received Data PDU (Size: 0 bytes)
2026-04-05 22:11:11,731 | INFO | [L7_APPLICATION] | API_REQUEST_IN | Method: GET | Path: /api/v1/drivers/
2026-04-05 22:11:11,732 | INFO | [L6_PRESENTATION] | DE-ENCAPSULATION | Received Data PDU (Size: 0 bytes)
2026-04-05 22:11:11,734 | INFO | [L7_APPLICATION] | API_REQUEST_IN | Method: GET | Path: /api/v1/buses/
2026-04-05 22:11:11,737 | INFO | [L6_PRESENTATION] | DE-ENCAPSULATION | Received Data PDU (Size: 0 bytes)
2026-04-05 22:11:11,744 | INFO | [L7_APPLICATION] | API_REQUEST_IN | Method: GET | Path: /api/v1/buses/
2026-04-05 22:11:11,750 | INFO | [L6_PRESENTATION] | DE-ENCAPSULATION | Received Data PDU (Size: 0 bytes)
2026-04-05 22:11:11,775 | INFO | [DATABASE_LAYER] | ENDPOINT_CALL | GET /students/ - skip: 0, limit: 100
2026-04-05 22:11:11,776 | INFO | [DATABASE_LAYER] | SQL_QUERY | SELECT students OFFSET 0 LIMIT 100
2026-04-05 22:11:11,808 | INFO | [DATABASE_LAYER] | ENDPOINT_CALL | GET /taxis/ - skip: 0, limit: 100
2026-04-05 22:11:11,809 | INFO | [DATABASE_LAYER] | SQL_QUERY | SELECT taxis OFFSET 0 LIMIT 100
2026-04-05 22:11:11,819 | INFO | [DATABASE_LAYER] | ENDPOINT_CALL | GET /bicycles/ - skip: 0, limit: 100
2026-04-05 22:11:11,826 | INFO | [DATABASE_LAYER] | SQL_QUERY | SELECT bicycles OFFSET 0 LIMIT 100
2026-04-05 22:11:11,831 | INFO | [DATABASE_LAYER] | ENDPOINT_CALL | GET /students/ - skip: 0, limit: 100
2026-04-05 22:11:11,833 | INFO | [DATABASE_LAYER] | SQL_QUERY | SELECT students OFFSET 0 LIMIT 100
2026-04-05 22:11:11,852 | INFO | [DATABASE_LAYER] | ENDPOINT_CALL | GET /bicycles/ - skip: 0, limit: 100
2026-04-05 22:11:11,856 | INFO | [DATABASE_LAYER] | SQL_QUERY | SELECT bicycles OFFSET 0 LIMIT 100
2026-04-05 22:11:11,872 | INFO | [DATABASE_LAYER] | ENDPOINT_CALL | GET /taxis/ - skip: 0, limit: 100
2026-04-05 22:11:11,874 | INFO | [DATABASE_LAYER] | SQL_QUERY | SELECT taxis OFFSET 0 LIMIT 100
2026-04-05 22:11:11,889 | INFO | [DATABASE_LAYER] | ENDPOINT_CALL | GET /bicycles/ - skip: 0, limit: 100
2026-04-05 22:11:11,890 | INFO | [DATABASE_LAYER] | SQL_QUERY | SELECT bicycles OFFSET 0 LIMIT 100
2026-04-05 22:11:11,895 | INFO | [DATABASE_LAYER] | ENDPOINT_CALL | GET /students/ - skip: 0, limit: 100
2026-04-05 22:11:11,896 | INFO | [DATABASE_LAYER] | SQL_QUERY | SELECT students OFFSET 0 LIMIT 100
2026-04-05 22:11:11,909 | INFO | [DATABASE_LAYER] | ENDPOINT_CALL | GET /buses/ - skip: 0, limit: 100
2026-04-05 22:11:11,914 | INFO | [DATABASE_LAYER] | SQL_QUERY | SELECT buses OFFSET 0 LIMIT 100
2026-04-05 22:11:11,923 | INFO | [DATABASE_LAYER] | ENDPOINT_CALL | GET /drivers/ - skip: 0, limit: 100
2026-04-05 22:11:11,924 | INFO | [DATABASE_LAYER] | SQL_QUERY | SELECT drivers OFFSET 0 LIMIT 100
2026-04-05 22:11:11,937 | INFO | [DATABASE_LAYER] | ENDPOINT_CALL | GET /drivers/ - skip: 0, limit: 100
2026-04-05 22:11:11,939 | INFO | [DATABASE_LAYER] | SQL_QUERY | SELECT drivers OFFSET 0 LIMIT 100
2026-04-05 22:11:11,943 | INFO | [DATABASE_LAYER] | ENDPOINT_CALL | GET /buses/ - skip: 0, limit: 100
2026-04-05 22:11:11,946 | INFO | [DATABASE_LAYER] | SQL_QUERY | SELECT buses OFFSET 0 LIMIT 100
2026-04-05 22:11:11,967 | INFO | [DATABASE_LAYER] | ENDPOINT_CALL | GET /taxis/ - skip: 0, limit: 100
2026-04-05 22:11:11,969 | INFO | [DATABASE_LAYER] | SQL_QUERY | SELECT taxis OFFSET 0 LIMIT 100
2026-04-05 22:11:11,978 | INFO | [DATABASE_LAYER] | ENDPOINT_CALL | GET /drivers/ - skip: 0, limit: 100
2026-04-05 22:11:11,979 | INFO | [DATABASE_LAYER] | SQL_QUERY | SELECT drivers OFFSET 0 LIMIT 100
2026-04-05 22:11:11,987 | INFO | [DATABASE_LAYER] | ENDPOINT_CALL | GET /students/ - skip: 0, limit: 100
2026-04-05 22:11:11,993 | INFO | [DATABASE_LAYER] | SQL_QUERY | SELECT students OFFSET 0 LIMIT 100
2026-04-05 22:11:12,008 | INFO | [DATABASE_LAYER] | ENDPOINT_CALL | GET /drivers/ - skip: 0, limit: 100
2026-04-05 22:11:12,009 | INFO | [DATABASE_LAYER] | SQL_QUERY | SELECT drivers OFFSET 0 LIMIT 100
2026-04-05 22:11:12,012 | INFO | [DATABASE_LAYER] | ENDPOINT_CALL | GET /drivers/ - skip: 0, limit: 100
2026-04-05 22:11:12,016 | INFO | [DATABASE_LAYER] | SQL_QUERY | SELECT drivers OFFSET 0 LIMIT 100
2026-04-05 22:11:12,023 | INFO | [DATABASE_LAYER] | ENDPOINT_CALL | GET /taxis/ - skip: 0, limit: 100
2026-04-05 22:11:12,024 | INFO | [DATABASE_LAYER] | SQL_QUERY | SELECT taxis OFFSET 0 LIMIT 100
2026-04-05 22:11:12,026 | INFO | [DATABASE_LAYER] | ENDPOINT_CALL | GET /taxis/ - skip: 0, limit: 100
2026-04-05 22:11:12,027 | INFO | [DATABASE_LAYER] | SQL_QUERY | SELECT taxis OFFSET 0 LIMIT 100
2026-04-05 22:11:12,029 | INFO | [DATABASE_LAYER] | ENDPOINT_CALL | GET /bicycles/ - skip: 0, limit: 100
2026-04-05 22:11:12,030 | INFO | [DATABASE_LAYER] | SQL_QUERY | SELECT bicycles OFFSET 0 LIMIT 100
2026-04-05 22:11:12,039 | INFO | [DATABASE_LAYER] | ENDPOINT_CALL | GET /students/ - skip: 0, limit: 100
2026-04-05 22:11:12,042 | INFO | [DATABASE_LAYER] | SQL_QUERY | SELECT students OFFSET 0 LIMIT 100
2026-04-05 22:11:12,045 | INFO | [DATABASE_LAYER] | ENDPOINT_CALL | GET /drivers/ - skip: 0, limit: 100
2026-04-05 22:11:12,045 | INFO | [DATABASE_LAYER] | SQL_QUERY | SELECT drivers OFFSET 0 LIMIT 100
2026-04-05 22:11:12,047 | INFO | [DATABASE_LAYER] | ENDPOINT_CALL | GET /buses/ - skip: 0, limit: 100
2026-04-05 22:11:12,047 | INFO | [DATABASE_LAYER] | SQL_QUERY | SELECT buses OFFSET 0 LIMIT 100
2026-04-05 22:11:12,050 | INFO | [DATABASE_LAYER] | ENDPOINT_CALL | GET /buses/ - skip: 0, limit: 100
2026-04-05 22:11:12,050 | INFO | [DATABASE_LAYER] | SQL_QUERY | SELECT buses OFFSET 0 LIMIT 100
2026-04-05 22:11:12,075 | INFO | [L4_TRANSPORT] | SEGMENT_COMPLETE | Total RTT (Processing): 404.41ms | Status: 200
2026-04-05 22:11:12,102 | INFO | [L7_APPLICATION] | API_REQUEST_IN | Method: GET | Path: /api/v1/drivers/
2026-04-05 22:11:12,125 | INFO | [L6_PRESENTATION] | DE-ENCAPSULATION | Received Data PDU (Size: 0 bytes)
2026-04-05 22:11:12,145 | INFO | [DATABASE_LAYER] | ENDPOINT_CALL | GET /drivers/ - skip: 0, limit: 100
2026-04-05 22:11:12,224 | INFO | [DATABASE_LAYER] | SQL_QUERY | SELECT drivers OFFSET 0 LIMIT 100
2026-04-05 22:11:12,637 | INFO | [L4_TRANSPORT] | SEGMENT_COMPLETE | Total RTT (Processing): 927.94ms | Status: 200
2026-04-05 22:11:13,343 | INFO | [L4_TRANSPORT] | SEGMENT_COMPLETE | Total RTT (Processing): 1656.64ms | Status: 200
2026-04-05 22:11:13,345 | INFO | [L4_TRANSPORT] | SEGMENT_COMPLETE | Total RTT (Processing): 1670.27ms | Status: 200
2026-04-05 22:11:13,349 | INFO | [L4_TRANSPORT] | SEGMENT_COMPLETE | Total RTT (Processing): 1670.26ms | Status: 200
2026-04-05 22:11:13,350 | INFO | [L4_TRANSPORT] | SEGMENT_COMPLETE | Total RTT (Processing): 1669.27ms | Status: 200
2026-04-05 22:11:13,351 | INFO | [L4_TRANSPORT] | SEGMENT_COMPLETE | Total RTT (Processing): 1678.87ms | Status: 200
2026-04-05 22:11:13,351 | INFO | [L4_TRANSPORT] | SEGMENT_COMPLETE | Total RTT (Processing): 1667.26ms | Status: 200
2026-04-05 22:11:13,357 | INFO | [L4_TRANSPORT] | SEGMENT_COMPLETE | Total RTT (Processing): 1679.27ms | Status: 200
2026-04-05 22:11:13,358 | INFO | [L4_TRANSPORT] | SEGMENT_COMPLETE | Total RTT (Processing): 1676.27ms | Status: 200
2026-04-05 22:11:13,359 | INFO | [L4_TRANSPORT] | SEGMENT_COMPLETE | Total RTT (Processing): 1657.37ms | Status: 200
2026-04-05 22:11:13,360 | INFO | [L4_TRANSPORT] | SEGMENT_COMPLETE | Total RTT (Processing): 1684.27ms | Status: 200
2026-04-05 22:11:13,361 | INFO | [L4_TRANSPORT] | SEGMENT_COMPLETE | Total RTT (Processing): 1662.41ms | Status: 200
2026-04-05 22:11:13,362 | INFO | [L4_TRANSPORT] | SEGMENT_COMPLETE | Total RTT (Processing): 1669.39ms | Status: 200
2026-04-05 22:11:13,363 | INFO | [L4_TRANSPORT] | SEGMENT_COMPLETE | Total RTT (Processing): 1656.31ms | Status: 200
2026-04-05 22:11:13,364 | INFO | [L4_TRANSPORT] | SEGMENT_COMPLETE | Total RTT (Processing): 1676.27ms | Status: 200
2026-04-05 22:11:13,365 | INFO | [L4_TRANSPORT] | SEGMENT_COMPLETE | Total RTT (Processing): 1647.27ms | Status: 200
2026-04-05 22:11:13,380 | INFO | [L7_APPLICATION] | API_REQUEST_IN | Method: GET | Path: /api/v1/buses/
2026-04-05 22:11:13,382 | INFO | [L6_PRESENTATION] | DE-ENCAPSULATION | Received Data PDU (Size: 0 bytes)
2026-04-05 22:11:13,392 | INFO | [DATABASE_LAYER] | ENDPOINT_CALL | GET /buses/ - skip: 0, limit: 100
2026-04-05 22:11:13,392 | INFO | [DATABASE_LAYER] | SQL_QUERY | SELECT buses OFFSET 0 LIMIT 100
2026-04-05 22:11:13,395 | INFO | [L7_APPLICATION] | API_REQUEST_IN | Method: GET | Path: /api/v1/taxis/
2026-04-05 22:11:13,396 | INFO | [L6_PRESENTATION] | DE-ENCAPSULATION | Received Data PDU (Size: 0 bytes)
2026-04-05 22:11:13,413 | INFO | [DATABASE_LAYER] | ENDPOINT_CALL | GET /taxis/ - skip: 0, limit: 100
2026-04-05 22:11:13,415 | INFO | [DATABASE_LAYER] | SQL_QUERY | SELECT taxis OFFSET 0 LIMIT 100
2026-04-05 22:11:13,437 | INFO | [L4_TRANSPORT] | SEGMENT_COMPLETE | Total RTT (Processing): 1703.29ms | Status: 200
2026-04-05 22:11:13,467 | INFO | [L4_TRANSPORT] | SEGMENT_COMPLETE | Total RTT (Processing): 1745.41ms | Status: 200
2026-04-05 22:11:13,471 | INFO | [L4_TRANSPORT] | SEGMENT_COMPLETE | Total RTT (Processing): 1747.51ms | Status: 200
2026-04-05 22:11:13,472 | INFO | [L4_TRANSPORT] | SEGMENT_COMPLETE | Total RTT (Processing): 1741.46ms | Status: 200
2026-04-05 22:11:13,474 | INFO | [L4_TRANSPORT] | SEGMENT_COMPLETE | Total RTT (Processing): 1745.04ms | Status: 200
2026-04-05 22:11:13,475 | INFO | [L4_TRANSPORT] | SEGMENT_COMPLETE | Total RTT (Processing): 1748.03ms | Status: 200
2026-04-05 22:11:13,484 | INFO | [L4_TRANSPORT] | SEGMENT_COMPLETE | Total RTT (Processing): 1739.67ms | Status: 200
2026-04-05 22:11:13,485 | INFO | [L4_TRANSPORT] | SEGMENT_COMPLETE | Total RTT (Processing): 104.51ms | Status: 200
2026-04-05 22:11:13,487 | INFO | [L4_TRANSPORT] | SEGMENT_COMPLETE | Total RTT (Processing): 1384.87ms | Status: 200
2026-04-05 22:11:13,491 | INFO | [L7_APPLICATION] | API_REQUEST_IN | Method: GET | Path: /api/v1/bicycles/
2026-04-05 22:11:13,492 | INFO | [L6_PRESENTATION] | DE-ENCAPSULATION | Received Data PDU (Size: 0 bytes)
2026-04-05 22:11:13,498 | INFO | [DATABASE_LAYER] | ENDPOINT_CALL | GET /bicycles/ - skip: 0, limit: 100
2026-04-05 22:11:13,499 | INFO | [DATABASE_LAYER] | SQL_QUERY | SELECT bicycles OFFSET 0 LIMIT 100
2026-04-05 22:11:13,501 | INFO | [L4_TRANSPORT] | SEGMENT_COMPLETE | Total RTT (Processing): 106.10ms | Status: 200
2026-04-05 22:11:13,518 | INFO | [L4_TRANSPORT] | SEGMENT_COMPLETE | Total RTT (Processing): 27.34ms | Status: 200
2026-04-05 22:25:25,522 | INFO | [L7_APPLICATION] | API_REQUEST_IN | Method: GET | Path: /api/v1/students/
2026-04-05 22:25:25,524 | INFO | [L6_PRESENTATION] | DE-ENCAPSULATION | Received Data PDU (Size: 0 bytes)
2026-04-05 22:25:25,537 | INFO | [DATABASE_LAYER] | ENDPOINT_CALL | GET /students/ - skip: 0, limit: 100
2026-04-05 22:25:25,539 | INFO | [DATABASE_LAYER] | SQL_QUERY | SELECT students OFFSET 0 LIMIT 100
2026-04-05 22:25:25,544 | INFO | [L7_APPLICATION] | API_REQUEST_IN | Method: GET | Path: /api/v1/taxis/
2026-04-05 22:25:25,555 | INFO | [L6_PRESENTATION] | DE-ENCAPSULATION | Received Data PDU (Size: 0 bytes)
2026-04-05 22:25:25,557 | INFO | [L7_APPLICATION] | API_REQUEST_IN | Method: GET | Path: /api/v1/buses/
2026-04-05 22:25:25,559 | INFO | [L6_PRESENTATION] | DE-ENCAPSULATION | Received Data PDU (Size: 0 bytes)
2026-04-05 22:25:25,577 | INFO | [DATABASE_LAYER] | ENDPOINT_CALL | GET /taxis/ - skip: 0, limit: 100
2026-04-05 22:25:25,589 | INFO | [DATABASE_LAYER] | SQL_QUERY | SELECT taxis OFFSET 0 LIMIT 100
2026-04-05 22:25:25,606 | INFO | [DATABASE_LAYER] | ENDPOINT_CALL | GET /buses/ - skip: 0, limit: 100
2026-04-05 22:25:25,608 | INFO | [DATABASE_LAYER] | SQL_QUERY | SELECT buses OFFSET 0 LIMIT 100
2026-04-05 22:25:25,647 | INFO | [L7_APPLICATION] | API_REQUEST_IN | Method: GET | Path: /api/v1/drivers/
2026-04-05 22:25:25,650 | INFO | [L6_PRESENTATION] | DE-ENCAPSULATION | Received Data PDU (Size: 0 bytes)
2026-04-05 22:25:25,659 | INFO | [DATABASE_LAYER] | ENDPOINT_CALL | GET /drivers/ - skip: 0, limit: 100
2026-04-05 22:25:25,660 | INFO | [DATABASE_LAYER] | SQL_QUERY | SELECT drivers OFFSET 0 LIMIT 100
2026-04-05 22:25:25,717 | INFO | [L7_APPLICATION] | API_REQUEST_IN | Method: GET | Path: /api/v1/bicycles/
2026-04-05 22:25:25,764 | INFO | [L6_PRESENTATION] | DE-ENCAPSULATION | Received Data PDU (Size: 0 bytes)
2026-04-05 22:25:25,795 | INFO | [DATABASE_LAYER] | ENDPOINT_CALL | GET /bicycles/ - skip: 0, limit: 100
2026-04-05 22:25:25,797 | INFO | [DATABASE_LAYER] | SQL_QUERY | SELECT bicycles OFFSET 0 LIMIT 100
2026-04-05 22:25:25,827 | INFO | [L4_TRANSPORT] | SEGMENT_COMPLETE | Total RTT (Processing): 283.08ms | Status: 200
2026-04-05 22:25:25,846 | INFO | [L4_TRANSPORT] | SEGMENT_COMPLETE | Total RTT (Processing): 324.60ms | Status: 200
2026-04-05 22:25:25,870 | INFO | [L4_TRANSPORT] | SEGMENT_COMPLETE | Total RTT (Processing): 223.20ms | Status: 200
2026-04-05 22:25:25,920 | INFO | [L4_TRANSPORT] | SEGMENT_COMPLETE | Total RTT (Processing): 362.42ms | Status: 200
2026-04-05 22:25:26,002 | INFO | [L4_TRANSPORT] | SEGMENT_COMPLETE | Total RTT (Processing): 284.37ms | Status: 200
2026-04-05 22:25:29,727 | INFO | [L7_APPLICATION] | API_REQUEST_IN | Method: GET | Path: /api/v1/students/
2026-04-05 22:25:29,729 | INFO | [L6_PRESENTATION] | DE-ENCAPSULATION | Received Data PDU (Size: 0 bytes)
2026-04-05 22:25:29,730 | INFO | [DATABASE_LAYER] | ENDPOINT_CALL | GET /students/ - skip: 0, limit: 100
2026-04-05 22:25:29,731 | INFO | [DATABASE_LAYER] | SQL_QUERY | SELECT students OFFSET 0 LIMIT 100
2026-04-05 22:25:29,735 | INFO | [L7_APPLICATION] | API_REQUEST_IN | Method: GET | Path: /api/v1/taxis/
2026-04-05 22:25:29,736 | INFO | [L6_PRESENTATION] | DE-ENCAPSULATION | Received Data PDU (Size: 0 bytes)
2026-04-05 22:25:29,737 | INFO | [L7_APPLICATION] | API_REQUEST_IN | Method: GET | Path: /api/v1/buses/
2026-04-05 22:25:29,738 | INFO | [L6_PRESENTATION] | DE-ENCAPSULATION | Received Data PDU (Size: 0 bytes)
2026-04-05 22:25:29,739 | INFO | [L7_APPLICATION] | API_REQUEST_IN | Method: GET | Path: /api/v1/drivers/
2026-04-05 22:25:29,740 | INFO | [L6_PRESENTATION] | DE-ENCAPSULATION | Received Data PDU (Size: 0 bytes)
2026-04-05 22:25:29,742 | INFO | [DATABASE_LAYER] | ENDPOINT_CALL | GET /taxis/ - skip: 0, limit: 100
2026-04-05 22:25:29,743 | INFO | [DATABASE_LAYER] | SQL_QUERY | SELECT taxis OFFSET 0 LIMIT 100
2026-04-05 22:25:29,746 | INFO | [DATABASE_LAYER] | ENDPOINT_CALL | GET /buses/ - skip: 0, limit: 100
2026-04-05 22:25:29,747 | INFO | [DATABASE_LAYER] | SQL_QUERY | SELECT buses OFFSET 0 LIMIT 100
2026-04-05 22:25:29,748 | INFO | [DATABASE_LAYER] | ENDPOINT_CALL | GET /drivers/ - skip: 0, limit: 100
2026-04-05 22:25:29,749 | INFO | [DATABASE_LAYER] | SQL_QUERY | SELECT drivers OFFSET 0 LIMIT 100
2026-04-05 22:25:29,751 | INFO | [L7_APPLICATION] | API_REQUEST_IN | Method: GET | Path: /api/v1/bicycles/
2026-04-05 22:25:29,752 | INFO | [L6_PRESENTATION] | DE-ENCAPSULATION | Received Data PDU (Size: 0 bytes)
2026-04-05 22:25:29,753 | INFO | [DATABASE_LAYER] | ENDPOINT_CALL | GET /bicycles/ - skip: 0, limit: 100
2026-04-05 22:25:29,754 | INFO | [DATABASE_LAYER] | SQL_QUERY | SELECT bicycles OFFSET 0 LIMIT 100
2026-04-05 22:25:29,757 | INFO | [L4_TRANSPORT] | SEGMENT_COMPLETE | Total RTT (Processing): 6.00ms | Status: 200
2026-04-05 22:25:29,763 | INFO | [L4_TRANSPORT] | SEGMENT_COMPLETE | Total RTT (Processing): 23.69ms | Status: 200
2026-04-05 22:25:29,764 | INFO | [L4_TRANSPORT] | SEGMENT_COMPLETE | Total RTT (Processing): 26.69ms | Status: 200
2026-04-05 22:25:29,765 | INFO | [L4_TRANSPORT] | SEGMENT_COMPLETE | Total RTT (Processing): 37.35ms | Status: 200
2026-04-05 22:25:29,767 | INFO | [L4_TRANSPORT] | SEGMENT_COMPLETE | Total RTT (Processing): 31.70ms | Status: 200
2026-04-05 22:25:29,775 | INFO | [L7_APPLICATION] | API_REQUEST_IN | Method: GET | Path: /api/v1/bicycles/
2026-04-05 22:25:29,776 | INFO | [L6_PRESENTATION] | DE-ENCAPSULATION | Received Data PDU (Size: 0 bytes)
2026-04-05 22:25:29,778 | INFO | [DATABASE_LAYER] | ENDPOINT_CALL | GET /bicycles/ - skip: 0, limit: 100
2026-04-05 22:25:29,779 | INFO | [DATABASE_LAYER] | SQL_QUERY | SELECT bicycles OFFSET 0 LIMIT 100
2026-04-05 22:25:29,780 | INFO | [L7_APPLICATION] | API_REQUEST_IN | Method: GET | Path: /api/v1/drivers/
2026-04-05 22:25:29,781 | INFO | [L6_PRESENTATION] | DE-ENCAPSULATION | Received Data PDU (Size: 0 bytes)
2026-04-05 22:25:29,783 | INFO | [DATABASE_LAYER] | ENDPOINT_CALL | GET /drivers/ - skip: 0, limit: 100
2026-04-05 22:25:29,783 | INFO | [DATABASE_LAYER] | SQL_QUERY | SELECT drivers OFFSET 0 LIMIT 100
2026-04-05 22:25:29,785 | INFO | [L7_APPLICATION] | API_REQUEST_IN | Method: GET | Path: /api/v1/buses/
2026-04-05 22:25:29,786 | INFO | [L6_PRESENTATION] | DE-ENCAPSULATION | Received Data PDU (Size: 0 bytes)
2026-04-05 22:25:29,787 | INFO | [L7_APPLICATION] | API_REQUEST_IN | Method: GET | Path: /api/v1/students/
2026-04-05 22:25:29,787 | INFO | [L6_PRESENTATION] | DE-ENCAPSULATION | Received Data PDU (Size: 0 bytes)
2026-04-05 22:25:29,788 | INFO | [L7_APPLICATION] | API_REQUEST_IN | Method: GET | Path: /api/v1/taxis/
2026-04-05 22:25:29,788 | INFO | [L6_PRESENTATION] | DE-ENCAPSULATION | Received Data PDU (Size: 0 bytes)
2026-04-05 22:25:29,790 | INFO | [DATABASE_LAYER] | ENDPOINT_CALL | GET /buses/ - skip: 0, limit: 100
2026-04-05 22:25:29,790 | INFO | [DATABASE_LAYER] | SQL_QUERY | SELECT buses OFFSET 0 LIMIT 100
2026-04-05 22:25:29,791 | INFO | [DATABASE_LAYER] | ENDPOINT_CALL | GET /students/ - skip: 0, limit: 100
2026-04-05 22:25:29,792 | INFO | [DATABASE_LAYER] | SQL_QUERY | SELECT students OFFSET 0 LIMIT 100
2026-04-05 22:25:29,795 | INFO | [DATABASE_LAYER] | ENDPOINT_CALL | GET /taxis/ - skip: 0, limit: 100
2026-04-05 22:25:29,796 | INFO | [DATABASE_LAYER] | SQL_QUERY | SELECT taxis OFFSET 0 LIMIT 100
2026-04-05 22:25:29,799 | INFO | [L4_TRANSPORT] | SEGMENT_COMPLETE | Total RTT (Processing): 24.00ms | Status: 200
2026-04-05 22:25:29,802 | INFO | [L4_TRANSPORT] | SEGMENT_COMPLETE | Total RTT (Processing): 22.00ms | Status: 200
2026-04-05 22:25:29,803 | INFO | [L4_TRANSPORT] | SEGMENT_COMPLETE | Total RTT (Processing): 18.00ms | Status: 200
2026-04-05 22:25:29,804 | INFO | [L4_TRANSPORT] | SEGMENT_COMPLETE | Total RTT (Processing): 17.00ms | Status: 200
2026-04-05 22:25:29,805 | INFO | [L4_TRANSPORT] | SEGMENT_COMPLETE | Total RTT (Processing): 17.00ms | Status: 200
2026-04-05 22:26:18,738 | INFO | [L7_APPLICATION] | API_REQUEST_IN | Method: GET | Path: /api/v1/students/
2026-04-05 22:26:18,739 | INFO | [L6_PRESENTATION] | DE-ENCAPSULATION | Received Data PDU (Size: 0 bytes)
2026-04-05 22:26:18,740 | INFO | [DATABASE_LAYER] | ENDPOINT_CALL | GET /students/ - skip: 0, limit: 100
2026-04-05 22:26:18,740 | INFO | [DATABASE_LAYER] | SQL_QUERY | SELECT students OFFSET 0 LIMIT 100
2026-04-05 22:26:18,745 | INFO | [L7_APPLICATION] | API_REQUEST_IN | Method: GET | Path: /api/v1/taxis/
2026-04-05 22:26:18,745 | INFO | [L6_PRESENTATION] | DE-ENCAPSULATION | Received Data PDU (Size: 0 bytes)
2026-04-05 22:26:18,746 | INFO | [L7_APPLICATION] | API_REQUEST_IN | Method: GET | Path: /api/v1/buses/
2026-04-05 22:26:18,747 | INFO | [L6_PRESENTATION] | DE-ENCAPSULATION | Received Data PDU (Size: 0 bytes)
2026-04-05 22:26:18,747 | INFO | [L7_APPLICATION] | API_REQUEST_IN | Method: GET | Path: /api/v1/bicycles/
2026-04-05 22:26:18,748 | INFO | [L6_PRESENTATION] | DE-ENCAPSULATION | Received Data PDU (Size: 0 bytes)
2026-04-05 22:26:18,749 | INFO | [L7_APPLICATION] | API_REQUEST_IN | Method: GET | Path: /api/v1/drivers/
2026-04-05 22:26:18,749 | INFO | [L6_PRESENTATION] | DE-ENCAPSULATION | Received Data PDU (Size: 0 bytes)
2026-04-05 22:26:18,751 | INFO | [DATABASE_LAYER] | ENDPOINT_CALL | GET /taxis/ - skip: 0, limit: 100
2026-04-05 22:26:18,752 | INFO | [DATABASE_LAYER] | SQL_QUERY | SELECT taxis OFFSET 0 LIMIT 100
2026-04-05 22:26:18,755 | INFO | [DATABASE_LAYER] | ENDPOINT_CALL | GET /buses/ - skip: 0, limit: 100
2026-04-05 22:26:18,756 | INFO | [DATABASE_LAYER] | SQL_QUERY | SELECT buses OFFSET 0 LIMIT 100
2026-04-05 22:26:18,759 | INFO | [DATABASE_LAYER] | ENDPOINT_CALL | GET /bicycles/ - skip: 0, limit: 100
2026-04-05 22:26:18,759 | INFO | [DATABASE_LAYER] | SQL_QUERY | SELECT bicycles OFFSET 0 LIMIT 100
2026-04-05 22:26:18,761 | INFO | [DATABASE_LAYER] | ENDPOINT_CALL | GET /drivers/ - skip: 0, limit: 100
2026-04-05 22:26:18,762 | INFO | [DATABASE_LAYER] | SQL_QUERY | SELECT drivers OFFSET 0 LIMIT 100
2026-04-05 22:26:18,765 | INFO | [L4_TRANSPORT] | SEGMENT_COMPLETE | Total RTT (Processing): 27.56ms | Status: 200
2026-04-05 22:26:18,769 | INFO | [L4_TRANSPORT] | SEGMENT_COMPLETE | Total RTT (Processing): 24.57ms | Status: 200
2026-04-05 22:26:18,770 | INFO | [L4_TRANSPORT] | SEGMENT_COMPLETE | Total RTT (Processing): 24.57ms | Status: 200
2026-04-05 22:26:18,771 | INFO | [L4_TRANSPORT] | SEGMENT_COMPLETE | Total RTT (Processing): 24.58ms | Status: 200
2026-04-05 22:26:18,780 | INFO | [L4_TRANSPORT] | SEGMENT_COMPLETE | Total RTT (Processing): 30.57ms | Status: 200
2026-04-05 22:26:35,151 | INFO | [L7_APPLICATION] | API_REQUEST_IN | Method: GET | Path: /api/v1/students/
2026-04-05 22:26:35,158 | INFO | [L6_PRESENTATION] | DE-ENCAPSULATION | Received Data PDU (Size: 0 bytes)
2026-04-05 22:26:35,163 | INFO | [DATABASE_LAYER] | ENDPOINT_CALL | GET /students/ - skip: 0, limit: 100
2026-04-05 22:26:35,165 | INFO | [DATABASE_LAYER] | SQL_QUERY | SELECT students OFFSET 0 LIMIT 100
2026-04-05 22:26:35,194 | INFO | [L7_APPLICATION] | API_REQUEST_IN | Method: GET | Path: /api/v1/bicycles/
2026-04-05 22:26:35,206 | INFO | [L6_PRESENTATION] | DE-ENCAPSULATION | Received Data PDU (Size: 0 bytes)
2026-04-05 22:26:35,208 | INFO | [L7_APPLICATION] | API_REQUEST_IN | Method: GET | Path: /api/v1/drivers/
2026-04-05 22:26:35,210 | INFO | [L6_PRESENTATION] | DE-ENCAPSULATION | Received Data PDU (Size: 0 bytes)
2026-04-05 22:26:35,221 | INFO | [L7_APPLICATION] | API_REQUEST_IN | Method: GET | Path: /api/v1/taxis/
2026-04-05 22:26:35,225 | INFO | [L6_PRESENTATION] | DE-ENCAPSULATION | Received Data PDU (Size: 0 bytes)
2026-04-05 22:26:35,228 | INFO | [L7_APPLICATION] | API_REQUEST_IN | Method: GET | Path: /api/v1/buses/
2026-04-05 22:26:35,230 | INFO | [L6_PRESENTATION] | DE-ENCAPSULATION | Received Data PDU (Size: 0 bytes)
2026-04-05 22:26:35,244 | INFO | [DATABASE_LAYER] | ENDPOINT_CALL | GET /bicycles/ - skip: 0, limit: 100
2026-04-05 22:26:35,245 | INFO | [DATABASE_LAYER] | SQL_QUERY | SELECT bicycles OFFSET 0 LIMIT 100
2026-04-05 22:26:35,272 | INFO | [DATABASE_LAYER] | ENDPOINT_CALL | GET /drivers/ - skip: 0, limit: 100
2026-04-05 22:26:35,278 | INFO | [DATABASE_LAYER] | SQL_QUERY | SELECT drivers OFFSET 0 LIMIT 100
2026-04-05 22:26:35,285 | INFO | [DATABASE_LAYER] | ENDPOINT_CALL | GET /taxis/ - skip: 0, limit: 100
2026-04-05 22:26:35,288 | INFO | [DATABASE_LAYER] | SQL_QUERY | SELECT taxis OFFSET 0 LIMIT 100
2026-04-05 22:26:35,310 | INFO | [DATABASE_LAYER] | ENDPOINT_CALL | GET /buses/ - skip: 0, limit: 100
2026-04-05 22:26:35,329 | INFO | [DATABASE_LAYER] | SQL_QUERY | SELECT buses OFFSET 0 LIMIT 100
2026-04-05 22:26:35,385 | INFO | [L4_TRANSPORT] | SEGMENT_COMPLETE | Total RTT (Processing): 233.64ms | Status: 200
2026-04-05 22:26:35,444 | INFO | [L4_TRANSPORT] | SEGMENT_COMPLETE | Total RTT (Processing): 249.92ms | Status: 200
2026-04-05 22:26:35,463 | INFO | [L4_TRANSPORT] | SEGMENT_COMPLETE | Total RTT (Processing): 255.46ms | Status: 200
2026-04-05 22:26:35,476 | INFO | [L4_TRANSPORT] | SEGMENT_COMPLETE | Total RTT (Processing): 255.45ms | Status: 200
2026-04-05 22:26:35,484 | INFO | [L4_TRANSPORT] | SEGMENT_COMPLETE | Total RTT (Processing): 256.25ms | Status: 200
2026-04-05 22:26:35,579 | INFO | [L7_APPLICATION] | API_REQUEST_IN | Method: GET | Path: /api/v1/students/
2026-04-05 22:26:35,604 | INFO | [L6_PRESENTATION] | DE-ENCAPSULATION | Received Data PDU (Size: 0 bytes)
2026-04-05 22:26:35,645 | INFO | [DATABASE_LAYER] | ENDPOINT_CALL | GET /students/ - skip: 0, limit: 100
2026-04-05 22:26:35,647 | INFO | [DATABASE_LAYER] | SQL_QUERY | SELECT students OFFSET 0 LIMIT 100
2026-04-05 22:26:35,679 | INFO | [L7_APPLICATION] | API_REQUEST_IN | Method: GET | Path: /api/v1/bicycles/
2026-04-05 22:26:35,696 | INFO | [L6_PRESENTATION] | DE-ENCAPSULATION | Received Data PDU (Size: 0 bytes)
2026-04-05 22:26:35,741 | INFO | [DATABASE_LAYER] | ENDPOINT_CALL | GET /bicycles/ - skip: 0, limit: 100
2026-04-05 22:26:35,752 | INFO | [DATABASE_LAYER] | SQL_QUERY | SELECT bicycles OFFSET 0 LIMIT 100
2026-04-05 22:26:35,835 | INFO | [L7_APPLICATION] | API_REQUEST_IN | Method: GET | Path: /api/v1/drivers/
2026-04-05 22:26:35,860 | INFO | [L6_PRESENTATION] | DE-ENCAPSULATION | Received Data PDU (Size: 0 bytes)
2026-04-05 22:26:35,863 | INFO | [L7_APPLICATION] | API_REQUEST_IN | Method: GET | Path: /api/v1/taxis/
2026-04-05 22:26:35,867 | INFO | [L6_PRESENTATION] | DE-ENCAPSULATION | Received Data PDU (Size: 0 bytes)
2026-04-05 22:26:35,904 | INFO | [L7_APPLICATION] | API_REQUEST_IN | Method: GET | Path: /api/v1/buses/
2026-04-05 22:26:35,931 | INFO | [L6_PRESENTATION] | DE-ENCAPSULATION | Received Data PDU (Size: 0 bytes)
2026-04-05 22:26:35,950 | INFO | [DATABASE_LAYER] | ENDPOINT_CALL | GET /drivers/ - skip: 0, limit: 100
2026-04-05 22:26:35,961 | INFO | [DATABASE_LAYER] | SQL_QUERY | SELECT drivers OFFSET 0 LIMIT 100
2026-04-05 22:26:36,018 | INFO | [DATABASE_LAYER] | ENDPOINT_CALL | GET /taxis/ - skip: 0, limit: 100
2026-04-05 22:26:36,045 | INFO | [DATABASE_LAYER] | SQL_QUERY | SELECT taxis OFFSET 0 LIMIT 100
2026-04-05 22:26:36,062 | INFO | [DATABASE_LAYER] | ENDPOINT_CALL | GET /buses/ - skip: 0, limit: 100
2026-04-05 22:26:36,090 | INFO | [DATABASE_LAYER] | SQL_QUERY | SELECT buses OFFSET 0 LIMIT 100
2026-04-05 22:26:36,111 | INFO | [L4_TRANSPORT] | SEGMENT_COMPLETE | Total RTT (Processing): 532.64ms | Status: 200
2026-04-05 22:26:36,129 | INFO | [L4_TRANSPORT] | SEGMENT_COMPLETE | Total RTT (Processing): 450.88ms | Status: 200
2026-04-05 22:26:36,154 | INFO | [L4_TRANSPORT] | SEGMENT_COMPLETE | Total RTT (Processing): 287.33ms | Status: 200
2026-04-05 22:26:36,180 | INFO | [L4_TRANSPORT] | SEGMENT_COMPLETE | Total RTT (Processing): 346.34ms | Status: 200
2026-04-05 22:26:36,226 | INFO | [L4_TRANSPORT] | SEGMENT_COMPLETE | Total RTT (Processing): 322.84ms | Status: 200
2026-04-05 22:26:39,087 | INFO | [L7_APPLICATION] | API_REQUEST_IN | Method: GET | Path: /api/v1/students/
2026-04-05 22:26:39,088 | INFO | [L6_PRESENTATION] | DE-ENCAPSULATION | Received Data PDU (Size: 0 bytes)
2026-04-05 22:26:39,090 | INFO | [DATABASE_LAYER] | ENDPOINT_CALL | GET /students/ - skip: 0, limit: 100
2026-04-05 22:26:39,091 | INFO | [DATABASE_LAYER] | SQL_QUERY | SELECT students OFFSET 0 LIMIT 100
2026-04-05 22:26:39,096 | INFO | [L7_APPLICATION] | API_REQUEST_IN | Method: GET | Path: /api/v1/drivers/
2026-04-05 22:26:39,096 | INFO | [L6_PRESENTATION] | DE-ENCAPSULATION | Received Data PDU (Size: 0 bytes)
2026-04-05 22:26:39,098 | INFO | [L7_APPLICATION] | API_REQUEST_IN | Method: GET | Path: /api/v1/bicycles/
2026-04-05 22:26:39,099 | INFO | [L6_PRESENTATION] | DE-ENCAPSULATION | Received Data PDU (Size: 0 bytes)
2026-04-05 22:26:39,100 | INFO | [L7_APPLICATION] | API_REQUEST_IN | Method: GET | Path: /api/v1/taxis/
2026-04-05 22:26:39,101 | INFO | [L6_PRESENTATION] | DE-ENCAPSULATION | Received Data PDU (Size: 0 bytes)
2026-04-05 22:26:39,102 | INFO | [L7_APPLICATION] | API_REQUEST_IN | Method: GET | Path: /api/v1/buses/
2026-04-05 22:26:39,103 | INFO | [L6_PRESENTATION] | DE-ENCAPSULATION | Received Data PDU (Size: 0 bytes)
2026-04-05 22:26:39,105 | INFO | [DATABASE_LAYER] | ENDPOINT_CALL | GET /drivers/ - skip: 0, limit: 100
2026-04-05 22:26:39,106 | INFO | [DATABASE_LAYER] | SQL_QUERY | SELECT drivers OFFSET 0 LIMIT 100
2026-04-05 22:26:39,108 | INFO | [DATABASE_LAYER] | ENDPOINT_CALL | GET /bicycles/ - skip: 0, limit: 100
2026-04-05 22:26:39,109 | INFO | [DATABASE_LAYER] | SQL_QUERY | SELECT bicycles OFFSET 0 LIMIT 100
2026-04-05 22:26:39,111 | INFO | [DATABASE_LAYER] | ENDPOINT_CALL | GET /taxis/ - skip: 0, limit: 100
2026-04-05 22:26:39,112 | INFO | [DATABASE_LAYER] | SQL_QUERY | SELECT taxis OFFSET 0 LIMIT 100
2026-04-05 22:26:39,115 | INFO | [DATABASE_LAYER] | ENDPOINT_CALL | GET /buses/ - skip: 0, limit: 100
2026-04-05 22:26:39,116 | INFO | [DATABASE_LAYER] | SQL_QUERY | SELECT buses OFFSET 0 LIMIT 100
2026-04-05 22:26:39,120 | INFO | [L4_TRANSPORT] | SEGMENT_COMPLETE | Total RTT (Processing): 31.54ms | Status: 200
2026-04-05 22:26:39,123 | INFO | [L4_TRANSPORT] | SEGMENT_COMPLETE | Total RTT (Processing): 27.53ms | Status: 200
2026-04-05 22:26:39,124 | INFO | [L4_TRANSPORT] | SEGMENT_COMPLETE | Total RTT (Processing): 23.54ms | Status: 200
2026-04-05 22:26:39,125 | INFO | [L4_TRANSPORT] | SEGMENT_COMPLETE | Total RTT (Processing): 26.54ms | Status: 200
2026-04-05 22:26:39,126 | INFO | [L4_TRANSPORT] | SEGMENT_COMPLETE | Total RTT (Processing): 23.54ms | Status: 200
2026-04-05 22:26:39,135 | INFO | [L7_APPLICATION] | API_REQUEST_IN | Method: GET | Path: /api/v1/students/
2026-04-05 22:26:39,136 | INFO | [L6_PRESENTATION] | DE-ENCAPSULATION | Received Data PDU (Size: 0 bytes)
2026-04-05 22:26:39,139 | INFO | [DATABASE_LAYER] | ENDPOINT_CALL | GET /students/ - skip: 0, limit: 100
2026-04-05 22:26:39,140 | INFO | [DATABASE_LAYER] | SQL_QUERY | SELECT students OFFSET 0 LIMIT 100
2026-04-05 22:26:39,143 | INFO | [L7_APPLICATION] | API_REQUEST_IN | Method: GET | Path: /api/v1/drivers/
2026-04-05 22:26:39,144 | INFO | [L6_PRESENTATION] | DE-ENCAPSULATION | Received Data PDU (Size: 0 bytes)
2026-04-05 22:26:39,148 | INFO | [DATABASE_LAYER] | ENDPOINT_CALL | GET /drivers/ - skip: 0, limit: 100
2026-04-05 22:26:39,149 | INFO | [DATABASE_LAYER] | SQL_QUERY | SELECT drivers OFFSET 0 LIMIT 100
2026-04-05 22:26:39,154 | INFO | [L7_APPLICATION] | API_REQUEST_IN | Method: GET | Path: /api/v1/taxis/
2026-04-05 22:26:39,155 | INFO | [L6_PRESENTATION] | DE-ENCAPSULATION | Received Data PDU (Size: 0 bytes)
2026-04-05 22:26:39,157 | INFO | [L7_APPLICATION] | API_REQUEST_IN | Method: GET | Path: /api/v1/buses/
2026-04-05 22:26:39,158 | INFO | [L6_PRESENTATION] | DE-ENCAPSULATION | Received Data PDU (Size: 0 bytes)
2026-04-05 22:26:39,159 | INFO | [L7_APPLICATION] | API_REQUEST_IN | Method: GET | Path: /api/v1/bicycles/
2026-04-05 22:26:39,160 | INFO | [L6_PRESENTATION] | DE-ENCAPSULATION | Received Data PDU (Size: 0 bytes)
2026-04-05 22:26:39,162 | INFO | [DATABASE_LAYER] | ENDPOINT_CALL | GET /taxis/ - skip: 0, limit: 100
2026-04-05 22:26:39,163 | INFO | [DATABASE_LAYER] | SQL_QUERY | SELECT taxis OFFSET 0 LIMIT 100
2026-04-05 22:26:39,165 | INFO | [DATABASE_LAYER] | ENDPOINT_CALL | GET /buses/ - skip: 0, limit: 100
2026-04-05 22:26:39,166 | INFO | [DATABASE_LAYER] | SQL_QUERY | SELECT buses OFFSET 0 LIMIT 100
2026-04-05 22:26:39,169 | INFO | [DATABASE_LAYER] | ENDPOINT_CALL | GET /bicycles/ - skip: 0, limit: 100
2026-04-05 22:26:39,169 | INFO | [DATABASE_LAYER] | SQL_QUERY | SELECT bicycles OFFSET 0 LIMIT 100
2026-04-05 22:26:39,173 | INFO | [L4_TRANSPORT] | SEGMENT_COMPLETE | Total RTT (Processing): 38.08ms | Status: 200
2026-04-05 22:26:39,177 | INFO | [L4_TRANSPORT] | SEGMENT_COMPLETE | Total RTT (Processing): 34.24ms | Status: 200
2026-04-05 22:26:39,191 | INFO | [L4_TRANSPORT] | SEGMENT_COMPLETE | Total RTT (Processing): 37.07ms | Status: 200
2026-04-05 22:26:39,197 | INFO | [L4_TRANSPORT] | SEGMENT_COMPLETE | Total RTT (Processing): 40.08ms | Status: 200
2026-04-05 22:26:39,200 | INFO | [L4_TRANSPORT] | SEGMENT_COMPLETE | Total RTT (Processing): 40.53ms | Status: 200
2026-04-05 22:40:00,191 | INFO | [L7_APPLICATION] | API_REQUEST_IN | Method: GET | Path: /api/v1/students/
2026-04-05 22:40:00,488 | INFO | [L6_PRESENTATION] | DE-ENCAPSULATION | Received Data PDU (Size: 0 bytes)
2026-04-05 22:40:00,660 | INFO | [DATABASE_LAYER] | ENDPOINT_CALL | GET /students/ - skip: 0, limit: 100
2026-04-05 22:40:00,899 | INFO | [DATABASE_LAYER] | SQL_QUERY | SELECT students OFFSET 0 LIMIT 100
2026-04-05 22:40:02,706 | INFO | [L7_APPLICATION] | API_REQUEST_IN | Method: GET | Path: /api/v1/drivers/
2026-04-05 22:40:02,716 | INFO | [L6_PRESENTATION] | DE-ENCAPSULATION | Received Data PDU (Size: 0 bytes)
2026-04-05 22:40:02,785 | INFO | [L7_APPLICATION] | API_REQUEST_IN | Method: GET | Path: /api/v1/bicycles/
2026-04-05 22:40:02,869 | INFO | [L6_PRESENTATION] | DE-ENCAPSULATION | Received Data PDU (Size: 0 bytes)
2026-04-05 22:40:02,914 | INFO | [L7_APPLICATION] | API_REQUEST_IN | Method: GET | Path: /api/v1/taxis/
2026-04-05 22:40:02,967 | INFO | [L6_PRESENTATION] | DE-ENCAPSULATION | Received Data PDU (Size: 0 bytes)
2026-04-05 22:40:03,056 | INFO | [L7_APPLICATION] | API_REQUEST_IN | Method: GET | Path: /api/v1/buses/
2026-04-05 22:40:03,144 | INFO | [L6_PRESENTATION] | DE-ENCAPSULATION | Received Data PDU (Size: 0 bytes)
2026-04-05 22:40:03,216 | INFO | [DATABASE_LAYER] | ENDPOINT_CALL | GET /drivers/ - skip: 0, limit: 100
2026-04-05 22:40:03,266 | INFO | [DATABASE_LAYER] | SQL_QUERY | SELECT drivers OFFSET 0 LIMIT 100
2026-04-05 22:40:03,329 | INFO | [DATABASE_LAYER] | ENDPOINT_CALL | GET /bicycles/ - skip: 0, limit: 100
2026-04-05 22:40:03,357 | INFO | [DATABASE_LAYER] | SQL_QUERY | SELECT bicycles OFFSET 0 LIMIT 100
2026-04-05 22:40:03,370 | INFO | [DATABASE_LAYER] | ENDPOINT_CALL | GET /taxis/ - skip: 0, limit: 100
2026-04-05 22:40:03,372 | INFO | [DATABASE_LAYER] | SQL_QUERY | SELECT taxis OFFSET 0 LIMIT 100
2026-04-05 22:40:03,407 | INFO | [DATABASE_LAYER] | ENDPOINT_CALL | GET /buses/ - skip: 0, limit: 100
2026-04-05 22:40:03,443 | INFO | [DATABASE_LAYER] | SQL_QUERY | SELECT buses OFFSET 0 LIMIT 100
2026-04-05 22:40:03,530 | INFO | [L4_TRANSPORT] | SEGMENT_COMPLETE | Total RTT (Processing): 3338.19ms | Status: 200
2026-04-05 22:40:03,538 | INFO | [L4_TRANSPORT] | SEGMENT_COMPLETE | Total RTT (Processing): 832.87ms | Status: 200
2026-04-05 22:40:03,541 | INFO | [L4_TRANSPORT] | SEGMENT_COMPLETE | Total RTT (Processing): 628.42ms | Status: 200
2026-04-05 22:40:03,560 | INFO | [L4_TRANSPORT] | SEGMENT_COMPLETE | Total RTT (Processing): 502.85ms | Status: 200
2026-04-05 22:40:03,687 | INFO | [L4_TRANSPORT] | SEGMENT_COMPLETE | Total RTT (Processing): 902.45ms | Status: 200
2026-04-05 22:40:03,812 | INFO | [L7_APPLICATION] | API_REQUEST_IN | Method: GET | Path: /api/v1/drivers/
2026-04-05 22:40:03,848 | INFO | [L6_PRESENTATION] | DE-ENCAPSULATION | Received Data PDU (Size: 0 bytes)
2026-04-05 22:40:03,975 | INFO | [DATABASE_LAYER] | ENDPOINT_CALL | GET /drivers/ - skip: 0, limit: 100
2026-04-05 22:40:04,002 | INFO | [DATABASE_LAYER] | SQL_QUERY | SELECT drivers OFFSET 0 LIMIT 100
2026-04-05 22:40:04,040 | INFO | [L7_APPLICATION] | API_REQUEST_IN | Method: GET | Path: /api/v1/taxis/
2026-04-05 22:40:04,062 | INFO | [L6_PRESENTATION] | DE-ENCAPSULATION | Received Data PDU (Size: 0 bytes)
2026-04-05 22:40:04,081 | INFO | [L7_APPLICATION] | API_REQUEST_IN | Method: GET | Path: /api/v1/buses/
2026-04-05 22:40:04,091 | INFO | [L6_PRESENTATION] | DE-ENCAPSULATION | Received Data PDU (Size: 0 bytes)
2026-04-05 22:40:04,150 | INFO | [DATABASE_LAYER] | ENDPOINT_CALL | GET /taxis/ - skip: 0, limit: 100
2026-04-05 22:40:04,166 | INFO | [DATABASE_LAYER] | SQL_QUERY | SELECT taxis OFFSET 0 LIMIT 100
2026-04-05 22:40:04,198 | INFO | [DATABASE_LAYER] | ENDPOINT_CALL | GET /buses/ - skip: 0, limit: 100
2026-04-05 22:40:04,210 | INFO | [DATABASE_LAYER] | SQL_QUERY | SELECT buses OFFSET 0 LIMIT 100
2026-04-05 22:40:04,307 | INFO | [L7_APPLICATION] | API_REQUEST_IN | Method: GET | Path: /api/v1/students/
2026-04-05 22:40:04,413 | INFO | [L6_PRESENTATION] | DE-ENCAPSULATION | Received Data PDU (Size: 0 bytes)
2026-04-05 22:40:04,457 | INFO | [L7_APPLICATION] | API_REQUEST_IN | Method: GET | Path: /api/v1/bicycles/
2026-04-05 22:40:04,470 | INFO | [L6_PRESENTATION] | DE-ENCAPSULATION | Received Data PDU (Size: 0 bytes)
2026-04-05 22:40:04,625 | INFO | [DATABASE_LAYER] | ENDPOINT_CALL | GET /students/ - skip: 0, limit: 100
2026-04-05 22:40:04,678 | INFO | [DATABASE_LAYER] | SQL_QUERY | SELECT students OFFSET 0 LIMIT 100
2026-04-05 22:40:04,804 | INFO | [DATABASE_LAYER] | ENDPOINT_CALL | GET /bicycles/ - skip: 0, limit: 100
2026-04-05 22:40:04,884 | INFO | [DATABASE_LAYER] | SQL_QUERY | SELECT bicycles OFFSET 0 LIMIT 100
2026-04-05 22:40:04,975 | INFO | [L4_TRANSPORT] | SEGMENT_COMPLETE | Total RTT (Processing): 1163.05ms | Status: 200
2026-04-05 22:40:05,096 | INFO | [L4_TRANSPORT] | SEGMENT_COMPLETE | Total RTT (Processing): 1056.53ms | Status: 200
2026-04-05 22:40:05,101 | INFO | [L4_TRANSPORT] | SEGMENT_COMPLETE | Total RTT (Processing): 643.75ms | Status: 200
2026-04-05 22:40:05,141 | INFO | [L4_TRANSPORT] | SEGMENT_COMPLETE | Total RTT (Processing): 1060.52ms | Status: 200
2026-04-05 22:40:05,207 | INFO | [L4_TRANSPORT] | SEGMENT_COMPLETE | Total RTT (Processing): 902.38ms | Status: 200
2026-04-08 13:17:04,496 | INFO | [L7_APPLICATION] | API_REQUEST_IN | Method: GET | Path: /api/v1/students/
2026-04-08 13:17:04,498 | INFO | [L6_PRESENTATION] | DE-ENCAPSULATION | Received Data PDU (Size: 0 bytes)
2026-04-08 13:17:04,519 | INFO | [DATABASE_LAYER] | ENDPOINT_CALL | GET /students/ - skip: 0, limit: 100
2026-04-08 13:17:04,529 | INFO | [DATABASE_LAYER] | SQL_QUERY | SELECT students OFFSET 0 LIMIT 100
2026-04-08 13:17:04,681 | INFO | [L7_APPLICATION] | API_REQUEST_IN | Method: GET | Path: /api/v1/drivers/
2026-04-08 13:17:04,691 | INFO | [L6_PRESENTATION] | DE-ENCAPSULATION | Received Data PDU (Size: 0 bytes)
2026-04-08 13:17:04,723 | INFO | [DATABASE_LAYER] | ENDPOINT_CALL | GET /drivers/ - skip: 0, limit: 100
2026-04-08 13:17:04,724 | INFO | [DATABASE_LAYER] | SQL_QUERY | SELECT drivers OFFSET 0 LIMIT 100
2026-04-08 13:17:04,755 | INFO | [L7_APPLICATION] | API_REQUEST_IN | Method: GET | Path: /api/v1/buses/
2026-04-08 13:17:04,757 | INFO | [L6_PRESENTATION] | DE-ENCAPSULATION | Received Data PDU (Size: 0 bytes)
2026-04-08 13:17:04,758 | INFO | [L7_APPLICATION] | API_REQUEST_IN | Method: GET | Path: /api/v1/taxis/
2026-04-08 13:17:04,760 | INFO | [L6_PRESENTATION] | DE-ENCAPSULATION | Received Data PDU (Size: 0 bytes)
2026-04-08 13:17:04,763 | INFO | [L7_APPLICATION] | API_REQUEST_IN | Method: GET | Path: /api/v1/bicycles/
2026-04-08 13:17:04,766 | INFO | [L6_PRESENTATION] | DE-ENCAPSULATION | Received Data PDU (Size: 0 bytes)
2026-04-08 13:17:04,791 | INFO | [DATABASE_LAYER] | ENDPOINT_CALL | GET /buses/ - skip: 0, limit: 100
2026-04-08 13:17:04,792 | INFO | [DATABASE_LAYER] | SQL_QUERY | SELECT buses OFFSET 0 LIMIT 100
2026-04-08 13:17:04,816 | INFO | [DATABASE_LAYER] | ENDPOINT_CALL | GET /taxis/ - skip: 0, limit: 100
2026-04-08 13:17:04,820 | INFO | [DATABASE_LAYER] | SQL_QUERY | SELECT taxis OFFSET 0 LIMIT 100
2026-04-08 13:17:04,882 | INFO | [DATABASE_LAYER] | ENDPOINT_CALL | GET /bicycles/ - skip: 0, limit: 100
2026-04-08 13:17:04,890 | INFO | [DATABASE_LAYER] | SQL_QUERY | SELECT bicycles OFFSET 0 LIMIT 100
2026-04-08 13:17:04,974 | INFO | [L4_TRANSPORT] | SEGMENT_COMPLETE | Total RTT (Processing): 477.94ms | Status: 200
2026-04-08 13:17:05,038 | INFO | [L7_APPLICATION] | API_REQUEST_IN | Method: GET | Path: /api/v1/students/
2026-04-08 13:17:05,091 | INFO | [L6_PRESENTATION] | DE-ENCAPSULATION | Received Data PDU (Size: 0 bytes)
2026-04-08 13:17:05,180 | INFO | [DATABASE_LAYER] | ENDPOINT_CALL | GET /students/ - skip: 0, limit: 100
2026-04-08 13:17:05,220 | INFO | [DATABASE_LAYER] | SQL_QUERY | SELECT students OFFSET 0 LIMIT 100
2026-04-08 13:17:05,271 | INFO | [L4_TRANSPORT] | SEGMENT_COMPLETE | Total RTT (Processing): 233.46ms | Status: 200
2026-04-08 13:17:05,551 | INFO | [L4_TRANSPORT] | SEGMENT_COMPLETE | Total RTT (Processing): 872.74ms | Status: 200
2026-04-08 13:17:05,559 | INFO | [L4_TRANSPORT] | SEGMENT_COMPLETE | Total RTT (Processing): 801.66ms | Status: 200
2026-04-08 13:17:05,564 | INFO | [L7_APPLICATION] | API_REQUEST_IN | Method: GET | Path: /api/v1/drivers/
2026-04-08 13:17:05,566 | INFO | [L6_PRESENTATION] | DE-ENCAPSULATION | Received Data PDU (Size: 0 bytes)
2026-04-08 13:17:05,571 | INFO | [L4_TRANSPORT] | SEGMENT_COMPLETE | Total RTT (Processing): 808.13ms | Status: 200
2026-04-08 13:17:05,586 | INFO | [DATABASE_LAYER] | ENDPOINT_CALL | GET /drivers/ - skip: 0, limit: 100
2026-04-08 13:17:05,588 | INFO | [DATABASE_LAYER] | SQL_QUERY | SELECT drivers OFFSET 0 LIMIT 100
2026-04-08 13:17:05,606 | INFO | [L4_TRANSPORT] | SEGMENT_COMPLETE | Total RTT (Processing): 851.69ms | Status: 200
2026-04-08 13:17:05,614 | INFO | [L7_APPLICATION] | API_REQUEST_IN | Method: GET | Path: /api/v1/taxis/
2026-04-08 13:17:05,618 | INFO | [L6_PRESENTATION] | DE-ENCAPSULATION | Received Data PDU (Size: 0 bytes)
2026-04-08 13:17:05,631 | INFO | [DATABASE_LAYER] | ENDPOINT_CALL | GET /taxis/ - skip: 0, limit: 100
2026-04-08 13:17:05,643 | INFO | [DATABASE_LAYER] | SQL_QUERY | SELECT taxis OFFSET 0 LIMIT 100
2026-04-08 13:17:05,665 | INFO | [L7_APPLICATION] | API_REQUEST_IN | Method: GET | Path: /api/v1/bicycles/
2026-04-08 13:17:05,669 | INFO | [L6_PRESENTATION] | DE-ENCAPSULATION | Received Data PDU (Size: 0 bytes)
2026-04-08 13:17:05,674 | INFO | [DATABASE_LAYER] | ENDPOINT_CALL | GET /bicycles/ - skip: 0, limit: 100
2026-04-08 13:17:05,680 | INFO | [DATABASE_LAYER] | SQL_QUERY | SELECT bicycles OFFSET 0 LIMIT 100
2026-04-08 13:17:05,691 | INFO | [L7_APPLICATION] | API_REQUEST_IN | Method: GET | Path: /api/v1/buses/
2026-04-08 13:17:05,692 | INFO | [L6_PRESENTATION] | DE-ENCAPSULATION | Received Data PDU (Size: 0 bytes)
2026-04-08 13:17:05,695 | INFO | [DATABASE_LAYER] | ENDPOINT_CALL | GET /buses/ - skip: 0, limit: 100
2026-04-08 13:17:05,698 | INFO | [DATABASE_LAYER] | SQL_QUERY | SELECT buses OFFSET 0 LIMIT 100
2026-04-08 13:17:05,705 | INFO | [L4_TRANSPORT] | SEGMENT_COMPLETE | Total RTT (Processing): 140.00ms | Status: 200
2026-04-08 13:17:05,737 | INFO | [L4_TRANSPORT] | SEGMENT_COMPLETE | Total RTT (Processing): 123.00ms | Status: 200
2026-04-08 13:17:05,754 | INFO | [L4_TRANSPORT] | SEGMENT_COMPLETE | Total RTT (Processing): 90.95ms | Status: 200
2026-04-08 13:17:05,756 | INFO | [L4_TRANSPORT] | SEGMENT_COMPLETE | Total RTT (Processing): 65.01ms | Status: 200
2026-04-08 13:31:41,383 | INFO | [L7_APPLICATION] | API_REQUEST_IN | Method: POST | Path: /api/v1/drivers/
2026-04-08 13:31:41,384 | INFO | [L6_PRESENTATION] | DE-ENCAPSULATION | Received Data PDU (Size: 106 bytes)
2026-04-08 13:31:41,389 | INFO | [DATABASE_LAYER] | ENDPOINT_CALL | POST /drivers/ - driver_id: A43232
2026-04-08 13:31:41,390 | INFO | [DATABASE_LAYER] | SQL_QUERY | SELECT/UPSERT driver WHERE driver_id='A43232'
2026-04-08 13:31:41,465 | INFO | [L4_TRANSPORT] | SEGMENT_COMPLETE | Total RTT (Processing): 81.57ms | Status: 200
2026-04-08 13:31:41,476 | INFO | [L7_APPLICATION] | API_REQUEST_IN | Method: GET | Path: /api/v1/drivers/
2026-04-08 13:31:41,477 | INFO | [L6_PRESENTATION] | DE-ENCAPSULATION | Received Data PDU (Size: 0 bytes)
2026-04-08 13:31:41,478 | INFO | [DATABASE_LAYER] | ENDPOINT_CALL | GET /drivers/ - skip: 0, limit: 100
2026-04-08 13:31:41,479 | INFO | [DATABASE_LAYER] | SQL_QUERY | SELECT drivers OFFSET 0 LIMIT 100
2026-04-08 13:31:41,483 | INFO | [L4_TRANSPORT] | SEGMENT_COMPLETE | Total RTT (Processing): 6.12ms | Status: 200
2026-04-18 17:49:11,276 | INFO | [L7_APPLICATION] | API_REQUEST_IN | Method: GET | Path: /api/v1/students/
2026-04-18 17:49:11,291 | INFO | [L6_PRESENTATION] | DE-ENCAPSULATION | Received Data PDU (Size: 0 bytes)
2026-04-18 17:49:11,295 | INFO | [L7_APPLICATION] | API_REQUEST_IN | Method: GET | Path: /api/v1/drivers/
2026-04-18 17:49:11,296 | INFO | [L6_PRESENTATION] | DE-ENCAPSULATION | Received Data PDU (Size: 0 bytes)
2026-04-18 17:49:11,298 | INFO | [L7_APPLICATION] | API_REQUEST_IN | Method: GET | Path: /api/v1/buses/
2026-04-18 17:49:11,299 | INFO | [L6_PRESENTATION] | DE-ENCAPSULATION | Received Data PDU (Size: 0 bytes)
2026-04-18 17:49:11,503 | INFO | [DATABASE_LAYER] | ENDPOINT_CALL | GET /students/ - skip: 0, limit: 100
2026-04-18 17:49:11,511 | INFO | [DATABASE_LAYER] | SQL_QUERY | SELECT students OFFSET 0 LIMIT 100
2026-04-18 17:49:12,300 | INFO | [DATABASE_LAYER] | ENDPOINT_CALL | GET /drivers/ - skip: 0, limit: 100
2026-04-18 17:49:12,308 | INFO | [DATABASE_LAYER] | SQL_QUERY | SELECT drivers OFFSET 0 LIMIT 100
2026-04-18 17:49:12,455 | INFO | [DATABASE_LAYER] | ENDPOINT_CALL | GET /buses/ - skip: 0, limit: 100
2026-04-18 17:49:12,456 | INFO | [DATABASE_LAYER] | SQL_QUERY | SELECT buses OFFSET 0 LIMIT 100
2026-04-18 17:49:12,464 | INFO | [L7_APPLICATION] | API_REQUEST_IN | Method: GET | Path: /api/v1/bicycles/
2026-04-18 17:49:12,468 | INFO | [L6_PRESENTATION] | DE-ENCAPSULATION | Received Data PDU (Size: 0 bytes)
2026-04-18 17:49:12,474 | INFO | [L7_APPLICATION] | API_REQUEST_IN | Method: GET | Path: /api/v1/taxis/
2026-04-18 17:49:12,475 | INFO | [L6_PRESENTATION] | DE-ENCAPSULATION | Received Data PDU (Size: 0 bytes)
2026-04-18 17:49:12,511 | INFO | [DATABASE_LAYER] | ENDPOINT_CALL | GET /bicycles/ - skip: 0, limit: 100
2026-04-18 17:49:12,512 | INFO | [DATABASE_LAYER] | SQL_QUERY | SELECT bicycles OFFSET 0 LIMIT 100
2026-04-18 17:49:12,550 | INFO | [DATABASE_LAYER] | ENDPOINT_CALL | GET /taxis/ - skip: 0, limit: 100
2026-04-18 17:49:12,553 | INFO | [DATABASE_LAYER] | SQL_QUERY | SELECT taxis OFFSET 0 LIMIT 100
2026-04-18 17:49:12,706 | INFO | [L4_TRANSPORT] | SEGMENT_COMPLETE | Total RTT (Processing): 1439.95ms | Status: 200
2026-04-18 17:49:12,866 | INFO | [L7_APPLICATION] | API_REQUEST_IN | Method: GET | Path: /api/v1/students/
2026-04-18 17:49:12,884 | INFO | [L6_PRESENTATION] | DE-ENCAPSULATION | Received Data PDU (Size: 0 bytes)
2026-04-18 17:49:12,887 | INFO | [DATABASE_LAYER] | ENDPOINT_CALL | GET /students/ - skip: 0, limit: 100
2026-04-18 17:49:12,902 | INFO | [DATABASE_LAYER] | SQL_QUERY | SELECT students OFFSET 0 LIMIT 100
2026-04-18 17:49:12,919 | INFO | [L4_TRANSPORT] | SEGMENT_COMPLETE | Total RTT (Processing): 53.46ms | Status: 200
2026-04-18 17:49:13,457 | INFO | [L4_TRANSPORT] | SEGMENT_COMPLETE | Total RTT (Processing): 992.96ms | Status: 200
2026-04-18 17:49:13,466 | INFO | [L4_TRANSPORT] | SEGMENT_COMPLETE | Total RTT (Processing): 992.50ms | Status: 200
2026-04-18 17:49:13,478 | INFO | [L4_TRANSPORT] | SEGMENT_COMPLETE | Total RTT (Processing): 2182.98ms | Status: 200
2026-04-18 17:49:13,481 | INFO | [L4_TRANSPORT] | SEGMENT_COMPLETE | Total RTT (Processing): 2182.98ms | Status: 200
2026-04-18 17:49:13,515 | INFO | [L7_APPLICATION] | API_REQUEST_IN | Method: GET | Path: /api/v1/bicycles/
2026-04-18 17:49:13,522 | INFO | [L6_PRESENTATION] | DE-ENCAPSULATION | Received Data PDU (Size: 0 bytes)
2026-04-18 17:49:13,526 | INFO | [L7_APPLICATION] | API_REQUEST_IN | Method: GET | Path: /api/v1/taxis/
2026-04-18 17:49:13,538 | INFO | [L6_PRESENTATION] | DE-ENCAPSULATION | Received Data PDU (Size: 0 bytes)
2026-04-18 17:49:13,548 | INFO | [DATABASE_LAYER] | ENDPOINT_CALL | GET /bicycles/ - skip: 0, limit: 100
2026-04-18 17:49:13,549 | INFO | [DATABASE_LAYER] | SQL_QUERY | SELECT bicycles OFFSET 0 LIMIT 100
2026-04-18 17:49:13,554 | INFO | [DATABASE_LAYER] | ENDPOINT_CALL | GET /taxis/ - skip: 0, limit: 100
2026-04-18 17:49:13,555 | INFO | [DATABASE_LAYER] | SQL_QUERY | SELECT taxis OFFSET 0 LIMIT 100
2026-04-18 17:49:13,561 | INFO | [L7_APPLICATION] | API_REQUEST_IN | Method: GET | Path: /api/v1/drivers/
2026-04-18 17:49:13,563 | INFO | [L6_PRESENTATION] | DE-ENCAPSULATION | Received Data PDU (Size: 0 bytes)
2026-04-18 17:49:13,565 | INFO | [DATABASE_LAYER] | ENDPOINT_CALL | GET /drivers/ - skip: 0, limit: 100
2026-04-18 17:49:13,566 | INFO | [DATABASE_LAYER] | SQL_QUERY | SELECT drivers OFFSET 0 LIMIT 100
2026-04-18 17:49:13,569 | INFO | [L7_APPLICATION] | API_REQUEST_IN | Method: GET | Path: /api/v1/buses/
2026-04-18 17:49:13,570 | INFO | [L6_PRESENTATION] | DE-ENCAPSULATION | Received Data PDU (Size: 0 bytes)
2026-04-18 17:49:13,572 | INFO | [DATABASE_LAYER] | ENDPOINT_CALL | GET /buses/ - skip: 0, limit: 100
2026-04-18 17:49:13,575 | INFO | [DATABASE_LAYER] | SQL_QUERY | SELECT buses OFFSET 0 LIMIT 100
2026-04-18 17:49:13,593 | INFO | [L4_TRANSPORT] | SEGMENT_COMPLETE | Total RTT (Processing): 66.84ms | Status: 200
2026-04-18 17:49:13,594 | INFO | [L4_TRANSPORT] | SEGMENT_COMPLETE | Total RTT (Processing): 79.03ms | Status: 200
2026-04-18 17:49:13,599 | INFO | [L4_TRANSPORT] | SEGMENT_COMPLETE | Total RTT (Processing): 38.27ms | Status: 200
2026-04-18 17:49:13,610 | INFO | [L4_TRANSPORT] | SEGMENT_COMPLETE | Total RTT (Processing): 37.75ms | Status: 200
2026-04-18 17:50:57,922 | INFO | [L7_APPLICATION] | API_REQUEST_IN | Method: POST | Path: /api/v1/students/
2026-04-18 17:50:57,928 | INFO | [L6_PRESENTATION] | DE-ENCAPSULATION | Received Data PDU (Size: 118 bytes)
2026-04-18 17:50:57,959 | INFO | [DATABASE_LAYER] | ENDPOINT_CALL | POST /students/ - matric_id: A21JK0124
2026-04-18 17:50:57,963 | INFO | [DATABASE_LAYER] | SQL_QUERY | SELECT/UPSERT student WHERE matric_id='A21JK0124'
2026-04-18 17:50:58,317 | INFO | [L4_TRANSPORT] | SEGMENT_COMPLETE | Total RTT (Processing): 395.61ms | Status: 200
2026-04-18 17:50:58,346 | INFO | [L7_APPLICATION] | API_REQUEST_IN | Method: GET | Path: /api/v1/students/
2026-04-18 17:50:58,355 | INFO | [L6_PRESENTATION] | DE-ENCAPSULATION | Received Data PDU (Size: 0 bytes)
2026-04-18 17:50:58,404 | INFO | [DATABASE_LAYER] | ENDPOINT_CALL | GET /students/ - skip: 0, limit: 100
2026-04-18 17:50:58,407 | INFO | [DATABASE_LAYER] | SQL_QUERY | SELECT students OFFSET 0 LIMIT 100
2026-04-18 17:50:58,438 | INFO | [L4_TRANSPORT] | SEGMENT_COMPLETE | Total RTT (Processing): 91.42ms | Status: 200
2026-04-18 17:51:27,137 | INFO | [L7_APPLICATION] | API_REQUEST_IN | Method: POST | Path: /api/v1/drivers/
2026-04-18 17:51:27,140 | INFO | [L6_PRESENTATION] | DE-ENCAPSULATION | Received Data PDU (Size: 106 bytes)
2026-04-18 17:51:27,158 | INFO | [DATABASE_LAYER] | ENDPOINT_CALL | POST /drivers/ - driver_id: DRV-1234
2026-04-18 17:51:27,159 | INFO | [DATABASE_LAYER] | SQL_QUERY | SELECT/UPSERT driver WHERE driver_id='DRV-1234'
2026-04-18 17:51:27,197 | INFO | [L4_TRANSPORT] | SEGMENT_COMPLETE | Total RTT (Processing): 60.91ms | Status: 200
2026-04-18 17:51:27,213 | INFO | [L7_APPLICATION] | API_REQUEST_IN | Method: GET | Path: /api/v1/drivers/
2026-04-18 17:51:27,221 | INFO | [L6_PRESENTATION] | DE-ENCAPSULATION | Received Data PDU (Size: 0 bytes)
2026-04-18 17:51:27,236 | INFO | [DATABASE_LAYER] | ENDPOINT_CALL | GET /drivers/ - skip: 0, limit: 100
2026-04-18 17:51:27,254 | INFO | [DATABASE_LAYER] | SQL_QUERY | SELECT drivers OFFSET 0 LIMIT 100
2026-04-18 17:51:27,291 | INFO | [L4_TRANSPORT] | SEGMENT_COMPLETE | Total RTT (Processing): 77.21ms | Status: 200
2026-04-18 17:55:37,521 | INFO | [L7_APPLICATION] | API_REQUEST_IN | Method: POST | Path: /api/v1/buses/
2026-04-18 17:55:37,541 | INFO | [L6_PRESENTATION] | DE-ENCAPSULATION | Received Data PDU (Size: 159 bytes)
2026-04-18 17:55:37,607 | INFO | [DATABASE_LAYER] | ENDPOINT_CALL | POST /buses/ - plate_id: BUS-101-UUM
2026-04-18 17:55:37,612 | INFO | [DATABASE_LAYER] | SQL_QUERY | SELECT/UPSERT bus WHERE plate_id='BUS-101-UUM'
2026-04-18 17:55:37,750 | INFO | [L4_TRANSPORT] | SEGMENT_COMPLETE | Total RTT (Processing): 229.29ms | Status: 200
2026-04-18 17:55:37,778 | INFO | [L7_APPLICATION] | API_REQUEST_IN | Method: GET | Path: /api/v1/buses/
2026-04-18 17:55:37,782 | INFO | [L6_PRESENTATION] | DE-ENCAPSULATION | Received Data PDU (Size: 0 bytes)
2026-04-18 17:55:37,794 | INFO | [DATABASE_LAYER] | ENDPOINT_CALL | GET /buses/ - skip: 0, limit: 100
2026-04-18 17:55:37,802 | INFO | [DATABASE_LAYER] | SQL_QUERY | SELECT buses OFFSET 0 LIMIT 100
2026-04-18 17:55:37,872 | INFO | [L4_TRANSPORT] | SEGMENT_COMPLETE | Total RTT (Processing): 93.50ms | Status: 200
2026-04-18 17:57:10,162 | INFO | [L7_APPLICATION] | API_REQUEST_IN | Method: POST | Path: /api/v1/taxis/
2026-04-18 17:57:10,166 | INFO | [L6_PRESENTATION] | DE-ENCAPSULATION | Received Data PDU (Size: 157 bytes)
2026-04-18 17:57:10,186 | INFO | [DATABASE_LAYER] | ENDPOINT_CALL | POST /taxis/ - plate_id: TAX-2024-XP
2026-04-18 17:57:10,190 | INFO | [DATABASE_LAYER] | SQL_QUERY | SELECT/UPSERT taxi WHERE plate_id='TAX-2024-XP'
2026-04-18 17:57:10,280 | INFO | [L4_TRANSPORT] | SEGMENT_COMPLETE | Total RTT (Processing): 118.39ms | Status: 200
2026-04-18 17:57:10,294 | INFO | [L7_APPLICATION] | API_REQUEST_IN | Method: GET | Path: /api/v1/taxis/
2026-04-18 17:57:10,295 | INFO | [L6_PRESENTATION] | DE-ENCAPSULATION | Received Data PDU (Size: 0 bytes)
2026-04-18 17:57:10,301 | INFO | [DATABASE_LAYER] | ENDPOINT_CALL | GET /taxis/ - skip: 0, limit: 100
2026-04-18 17:57:10,306 | INFO | [DATABASE_LAYER] | SQL_QUERY | SELECT taxis OFFSET 0 LIMIT 100
2026-04-18 17:57:10,318 | INFO | [L4_TRANSPORT] | SEGMENT_COMPLETE | Total RTT (Processing): 22.42ms | Status: 200
2026-04-18 17:57:54,930 | INFO | [L7_APPLICATION] | API_REQUEST_IN | Method: POST | Path: /api/v1/bicycles/
2026-04-18 17:57:54,944 | INFO | [L6_PRESENTATION] | DE-ENCAPSULATION | Received Data PDU (Size: 110 bytes)
2026-04-18 17:57:54,964 | INFO | [DATABASE_LAYER] | ENDPOINT_CALL | POST /bicycles/ - fleet_id: BIKE-042
2026-04-18 17:57:54,969 | INFO | [DATABASE_LAYER] | SQL_QUERY | SELECT/UPSERT bicycle WHERE fleet_id='BIKE-042'
2026-04-18 17:57:55,044 | INFO | [L4_TRANSPORT] | SEGMENT_COMPLETE | Total RTT (Processing): 113.75ms | Status: 200
2026-04-18 17:57:55,062 | INFO | [L7_APPLICATION] | API_REQUEST_IN | Method: GET | Path: /api/v1/bicycles/
2026-04-18 17:57:55,065 | INFO | [L6_PRESENTATION] | DE-ENCAPSULATION | Received Data PDU (Size: 0 bytes)
2026-04-18 17:57:55,073 | INFO | [DATABASE_LAYER] | ENDPOINT_CALL | GET /bicycles/ - skip: 0, limit: 100
2026-04-18 17:57:55,077 | INFO | [DATABASE_LAYER] | SQL_QUERY | SELECT bicycles OFFSET 0 LIMIT 100
2026-04-18 17:57:55,107 | INFO | [L4_TRANSPORT] | SEGMENT_COMPLETE | Total RTT (Processing): 45.11ms | Status: 200
2026-04-18 20:26:48,907 | INFO | [L7_APPLICATION] | API_REQUEST_IN | Method: GET | Path: /api/v1/students/
2026-04-18 20:26:48,920 | INFO | [L6_PRESENTATION] | DE-ENCAPSULATION | Received Data PDU (Size: 0 bytes)
2026-04-18 20:26:48,979 | INFO | [DATABASE_LAYER] | ENDPOINT_CALL | GET /students/ - skip: 0, limit: 100
2026-04-18 20:26:48,981 | INFO | [DATABASE_LAYER] | SQL_QUERY | SELECT students OFFSET 0 LIMIT 100
2026-04-18 20:26:49,000 | INFO | [L7_APPLICATION] | API_REQUEST_IN | Method: GET | Path: /api/v1/buses/
2026-04-18 20:26:49,003 | INFO | [L6_PRESENTATION] | DE-ENCAPSULATION | Received Data PDU (Size: 0 bytes)
2026-04-18 20:26:49,015 | INFO | [L7_APPLICATION] | API_REQUEST_IN | Method: GET | Path: /api/v1/taxis/
2026-04-18 20:26:49,020 | INFO | [L6_PRESENTATION] | DE-ENCAPSULATION | Received Data PDU (Size: 0 bytes)
2026-04-18 20:26:49,067 | INFO | [L7_APPLICATION] | API_REQUEST_IN | Method: GET | Path: /api/v1/drivers/
2026-04-18 20:26:49,084 | INFO | [L6_PRESENTATION] | DE-ENCAPSULATION | Received Data PDU (Size: 0 bytes)
2026-04-18 20:26:49,106 | INFO | [L7_APPLICATION] | API_REQUEST_IN | Method: GET | Path: /api/v1/bicycles/
2026-04-18 20:26:49,130 | INFO | [L6_PRESENTATION] | DE-ENCAPSULATION | Received Data PDU (Size: 0 bytes)
2026-04-18 20:26:49,203 | INFO | [DATABASE_LAYER] | ENDPOINT_CALL | GET /buses/ - skip: 0, limit: 100
2026-04-18 20:26:49,209 | INFO | [DATABASE_LAYER] | SQL_QUERY | SELECT buses OFFSET 0 LIMIT 100
2026-04-18 20:26:49,250 | INFO | [DATABASE_LAYER] | ENDPOINT_CALL | GET /taxis/ - skip: 0, limit: 100
2026-04-18 20:26:49,254 | INFO | [DATABASE_LAYER] | SQL_QUERY | SELECT taxis OFFSET 0 LIMIT 100
2026-04-18 20:26:49,298 | INFO | [DATABASE_LAYER] | ENDPOINT_CALL | GET /drivers/ - skip: 0, limit: 100
2026-04-18 20:26:49,302 | INFO | [DATABASE_LAYER] | SQL_QUERY | SELECT drivers OFFSET 0 LIMIT 100
2026-04-18 20:26:49,338 | INFO | [DATABASE_LAYER] | ENDPOINT_CALL | GET /bicycles/ - skip: 0, limit: 100
2026-04-18 20:26:49,344 | INFO | [DATABASE_LAYER] | SQL_QUERY | SELECT bicycles OFFSET 0 LIMIT 100
2026-04-18 20:26:49,480 | INFO | [L4_TRANSPORT] | SEGMENT_COMPLETE | Total RTT (Processing): 576.32ms | Status: 200
2026-04-18 20:26:49,498 | INFO | [L7_APPLICATION] | API_REQUEST_IN | Method: GET | Path: /api/v1/students/
2026-04-18 20:26:49,504 | INFO | [L6_PRESENTATION] | DE-ENCAPSULATION | Received Data PDU (Size: 0 bytes)
2026-04-18 20:26:49,511 | INFO | [DATABASE_LAYER] | ENDPOINT_CALL | GET /students/ - skip: 0, limit: 100
2026-04-18 20:26:49,517 | INFO | [DATABASE_LAYER] | SQL_QUERY | SELECT students OFFSET 0 LIMIT 100
2026-04-18 20:26:49,526 | INFO | [L4_TRANSPORT] | SEGMENT_COMPLETE | Total RTT (Processing): 28.76ms | Status: 200
2026-04-18 20:26:50,311 | INFO | [L4_TRANSPORT] | SEGMENT_COMPLETE | Total RTT (Processing): 1204.85ms | Status: 200
2026-04-18 20:26:50,352 | INFO | [L4_TRANSPORT] | SEGMENT_COMPLETE | Total RTT (Processing): 1285.23ms | Status: 200
2026-04-18 20:26:50,364 | INFO | [L4_TRANSPORT] | SEGMENT_COMPLETE | Total RTT (Processing): 1363.60ms | Status: 200
2026-04-18 20:26:50,369 | INFO | [L4_TRANSPORT] | SEGMENT_COMPLETE | Total RTT (Processing): 1356.76ms | Status: 200
2026-04-18 20:26:50,394 | INFO | [L7_APPLICATION] | API_REQUEST_IN | Method: GET | Path: /api/v1/bicycles/
2026-04-18 20:26:50,396 | INFO | [L6_PRESENTATION] | DE-ENCAPSULATION | Received Data PDU (Size: 0 bytes)
2026-04-18 20:26:50,407 | INFO | [DATABASE_LAYER] | ENDPOINT_CALL | GET /bicycles/ - skip: 0, limit: 100
2026-04-18 20:26:50,409 | INFO | [DATABASE_LAYER] | SQL_QUERY | SELECT bicycles OFFSET 0 LIMIT 100
2026-04-18 20:26:50,424 | INFO | [L7_APPLICATION] | API_REQUEST_IN | Method: GET | Path: /api/v1/drivers/
2026-04-18 20:26:50,426 | INFO | [L6_PRESENTATION] | DE-ENCAPSULATION | Received Data PDU (Size: 0 bytes)
2026-04-18 20:26:50,430 | INFO | [DATABASE_LAYER] | ENDPOINT_CALL | GET /drivers/ - skip: 0, limit: 100
2026-04-18 20:26:50,433 | INFO | [DATABASE_LAYER] | SQL_QUERY | SELECT drivers OFFSET 0 LIMIT 100
2026-04-18 20:26:50,438 | INFO | [L7_APPLICATION] | API_REQUEST_IN | Method: GET | Path: /api/v1/taxis/
2026-04-18 20:26:50,440 | INFO | [L6_PRESENTATION] | DE-ENCAPSULATION | Received Data PDU (Size: 0 bytes)
2026-04-18 20:26:50,444 | INFO | [DATABASE_LAYER] | ENDPOINT_CALL | GET /taxis/ - skip: 0, limit: 100
2026-04-18 20:26:50,444 | INFO | [DATABASE_LAYER] | SQL_QUERY | SELECT taxis OFFSET 0 LIMIT 100
2026-04-18 20:26:50,449 | INFO | [L7_APPLICATION] | API_REQUEST_IN | Method: GET | Path: /api/v1/buses/
2026-04-18 20:26:50,450 | INFO | [L6_PRESENTATION] | DE-ENCAPSULATION | Received Data PDU (Size: 0 bytes)
2026-04-18 20:26:50,457 | INFO | [DATABASE_LAYER] | ENDPOINT_CALL | GET /buses/ - skip: 0, limit: 100
2026-04-18 20:26:50,457 | INFO | [DATABASE_LAYER] | SQL_QUERY | SELECT buses OFFSET 0 LIMIT 100
2026-04-18 20:26:50,463 | INFO | [L4_TRANSPORT] | SEGMENT_COMPLETE | Total RTT (Processing): 68.48ms | Status: 200
2026-04-18 20:26:50,478 | INFO | [L4_TRANSPORT] | SEGMENT_COMPLETE | Total RTT (Processing): 28.76ms | Status: 200
2026-04-18 20:26:50,487 | INFO | [L4_TRANSPORT] | SEGMENT_COMPLETE | Total RTT (Processing): 63.58ms | Status: 200
2026-04-18 20:26:50,499 | INFO | [L4_TRANSPORT] | SEGMENT_COMPLETE | Total RTT (Processing): 60.58ms | Status: 200
2026-05-31 03:22:08,054 | INFO | [L7_APPLICATION] | API_REQUEST_IN | Method: GET | Path: /
2026-05-31 03:22:08,055 | INFO | [L6_PRESENTATION] | DE-ENCAPSULATION | Received Data PDU (Size: 0 bytes)
2026-05-31 03:22:08,058 | INFO | [L4_TRANSPORT] | SEGMENT_COMPLETE | Total RTT (Processing): 3.98ms | Status: 404
2026-05-31 03:22:09,763 | INFO | [L7_APPLICATION] | API_REQUEST_IN | Method: GET | Path: /favicon.ico
2026-05-31 03:22:09,763 | INFO | [L6_PRESENTATION] | DE-ENCAPSULATION | Received Data PDU (Size: 0 bytes)
2026-05-31 03:22:09,763 | INFO | [L4_TRANSPORT] | SEGMENT_COMPLETE | Total RTT (Processing): 0.00ms | Status: 404
2026-05-31 03:23:21,075 | INFO | [L7_APPLICATION] | API_REQUEST_IN | Method: GET | Path: /
2026-05-31 03:23:21,078 | INFO | [L6_PRESENTATION] | DE-ENCAPSULATION | Received Data PDU (Size: 0 bytes)
2026-05-31 03:23:21,082 | INFO | [L4_TRANSPORT] | SEGMENT_COMPLETE | Total RTT (Processing): 7.01ms | Status: 404
2026-05-31 03:23:21,273 | INFO | [L7_APPLICATION] | API_REQUEST_IN | Method: GET | Path: /favicon.ico
2026-05-31 03:23:21,274 | INFO | [L6_PRESENTATION] | DE-ENCAPSULATION | Received Data PDU (Size: 0 bytes)
2026-05-31 03:23:21,278 | INFO | [L4_TRANSPORT] | SEGMENT_COMPLETE | Total RTT (Processing): 5.00ms | Status: 404
2026-05-31 03:23:24,911 | INFO | [L7_APPLICATION] | API_REQUEST_IN | Method: GET | Path: /
2026-05-31 03:23:24,918 | INFO | [L6_PRESENTATION] | DE-ENCAPSULATION | Received Data PDU (Size: 0 bytes)
2026-05-31 03:23:24,920 | INFO | [L4_TRANSPORT] | SEGMENT_COMPLETE | Total RTT (Processing): 9.01ms | Status: 404
2026-05-31 03:23:25,695 | INFO | [L7_APPLICATION] | API_REQUEST_IN | Method: GET | Path: /
2026-05-31 03:23:25,696 | INFO | [L6_PRESENTATION] | DE-ENCAPSULATION | Received Data PDU (Size: 0 bytes)
2026-05-31 03:23:25,698 | INFO | [L4_TRANSPORT] | SEGMENT_COMPLETE | Total RTT (Processing): 3.00ms | Status: 404
2026-05-31 03:50:22,259 | INFO | [L7_APPLICATION] | API_REQUEST_IN | Method: GET | Path: /docs
2026-05-31 03:50:22,263 | INFO | [L6_PRESENTATION] | DE-ENCAPSULATION | Received Data PDU (Size: 0 bytes)
2026-05-31 03:50:22,274 | INFO | [L4_TRANSPORT] | SEGMENT_COMPLETE | Total RTT (Processing): 16.99ms | Status: 200
2026-05-31 03:50:33,230 | INFO | [L7_APPLICATION] | API_REQUEST_IN | Method: GET | Path: /docs
2026-05-31 03:50:33,233 | INFO | [L6_PRESENTATION] | DE-ENCAPSULATION | Received Data PDU (Size: 0 bytes)
2026-05-31 03:50:33,237 | INFO | [L4_TRANSPORT] | SEGMENT_COMPLETE | Total RTT (Processing): 7.29ms | Status: 200
2026-05-31 03:50:34,128 | INFO | [L7_APPLICATION] | API_REQUEST_IN | Method: GET | Path: /docs
2026-05-31 03:50:34,128 | INFO | [L6_PRESENTATION] | DE-ENCAPSULATION | Received Data PDU (Size: 0 bytes)
2026-05-31 03:50:34,131 | INFO | [L4_TRANSPORT] | SEGMENT_COMPLETE | Total RTT (Processing): 4.00ms | Status: 200
2026-05-31 03:51:13,296 | INFO | [L7_APPLICATION] | API_REQUEST_IN | Method: GET | Path: /docs
2026-05-31 03:51:13,297 | INFO | [L6_PRESENTATION] | DE-ENCAPSULATION | Received Data PDU (Size: 0 bytes)
2026-05-31 03:51:13,299 | INFO | [L4_TRANSPORT] | SEGMENT_COMPLETE | Total RTT (Processing): 2.99ms | Status: 200
2026-05-31 03:51:13,734 | INFO | [L7_APPLICATION] | API_REQUEST_IN | Method: GET | Path: /docs
2026-05-31 03:51:13,735 | INFO | [L6_PRESENTATION] | DE-ENCAPSULATION | Received Data PDU (Size: 0 bytes)
2026-05-31 03:51:13,737 | INFO | [L4_TRANSPORT] | SEGMENT_COMPLETE | Total RTT (Processing): 2.99ms | Status: 200
2026-05-31 03:51:13,910 | INFO | [L7_APPLICATION] | API_REQUEST_IN | Method: GET | Path: /docs
2026-05-31 03:51:13,912 | INFO | [L6_PRESENTATION] | DE-ENCAPSULATION | Received Data PDU (Size: 0 bytes)
2026-05-31 03:51:13,914 | INFO | [L4_TRANSPORT] | SEGMENT_COMPLETE | Total RTT (Processing): 4.00ms | Status: 200
2026-05-31 03:51:17,326 | INFO | [L7_APPLICATION] | API_REQUEST_IN | Method: GET | Path: /docs
2026-05-31 03:51:17,327 | INFO | [L6_PRESENTATION] | DE-ENCAPSULATION | Received Data PDU (Size: 0 bytes)
2026-05-31 03:51:17,329 | INFO | [L4_TRANSPORT] | SEGMENT_COMPLETE | Total RTT (Processing): 3.00ms | Status: 200
2026-05-31 03:51:23,720 | INFO | [L7_APPLICATION] | API_REQUEST_IN | Method: GET | Path: /docs
2026-05-31 03:51:23,726 | INFO | [L6_PRESENTATION] | DE-ENCAPSULATION | Received Data PDU (Size: 0 bytes)
2026-05-31 03:51:23,728 | INFO | [L4_TRANSPORT] | SEGMENT_COMPLETE | Total RTT (Processing): 8.08ms | Status: 200
2026-05-31 03:51:23,928 | INFO | [L7_APPLICATION] | API_REQUEST_IN | Method: GET | Path: /docs
2026-05-31 03:51:23,930 | INFO | [L6_PRESENTATION] | DE-ENCAPSULATION | Received Data PDU (Size: 0 bytes)
2026-05-31 03:51:23,936 | INFO | [L4_TRANSPORT] | SEGMENT_COMPLETE | Total RTT (Processing): 8.01ms | Status: 200
2026-05-31 03:51:24,103 | INFO | [L7_APPLICATION] | API_REQUEST_IN | Method: GET | Path: /docs
2026-05-31 03:51:24,104 | INFO | [L6_PRESENTATION] | DE-ENCAPSULATION | Received Data PDU (Size: 0 bytes)
2026-05-31 03:51:24,106 | INFO | [L4_TRANSPORT] | SEGMENT_COMPLETE | Total RTT (Processing): 3.00ms | Status: 200
2026-05-31 03:51:26,663 | INFO | [L7_APPLICATION] | API_REQUEST_IN | Method: GET | Path: /docs
2026-05-31 03:51:26,664 | INFO | [L6_PRESENTATION] | DE-ENCAPSULATION | Received Data PDU (Size: 0 bytes)
2026-05-31 03:51:26,666 | INFO | [L4_TRANSPORT] | SEGMENT_COMPLETE | Total RTT (Processing): 2.99ms | Status: 200
2026-05-31 03:51:28,126 | INFO | [L7_APPLICATION] | API_REQUEST_IN | Method: GET | Path: /docs
2026-05-31 03:51:28,128 | INFO | [L6_PRESENTATION] | DE-ENCAPSULATION | Received Data PDU (Size: 0 bytes)
2026-05-31 03:51:28,131 | INFO | [L4_TRANSPORT] | SEGMENT_COMPLETE | Total RTT (Processing): 4.99ms | Status: 200
2026-05-31 03:51:28,310 | INFO | [L7_APPLICATION] | API_REQUEST_IN | Method: GET | Path: /docs
2026-05-31 03:51:28,311 | INFO | [L6_PRESENTATION] | DE-ENCAPSULATION | Received Data PDU (Size: 0 bytes)
2026-05-31 03:51:28,313 | INFO | [L4_TRANSPORT] | SEGMENT_COMPLETE | Total RTT (Processing): 3.99ms | Status: 200
2026-05-31 03:51:28,487 | INFO | [L7_APPLICATION] | API_REQUEST_IN | Method: GET | Path: /docs
2026-05-31 03:51:28,493 | INFO | [L6_PRESENTATION] | DE-ENCAPSULATION | Received Data PDU (Size: 0 bytes)
2026-05-31 03:51:28,498 | INFO | [L4_TRANSPORT] | SEGMENT_COMPLETE | Total RTT (Processing): 11.00ms | Status: 200
2026-05-31 03:51:28,686 | INFO | [L7_APPLICATION] | API_REQUEST_IN | Method: GET | Path: /docs
2026-05-31 03:51:28,687 | INFO | [L6_PRESENTATION] | DE-ENCAPSULATION | Received Data PDU (Size: 0 bytes)
2026-05-31 03:51:28,689 | INFO | [L4_TRANSPORT] | SEGMENT_COMPLETE | Total RTT (Processing): 3.00ms | Status: 200
2026-05-31 03:54:20,432 | INFO | [L7_APPLICATION] | API_REQUEST_IN | Method: GET | Path: /docs
2026-05-31 03:54:20,434 | INFO | [L6_PRESENTATION] | DE-ENCAPSULATION | Received Data PDU (Size: 0 bytes)
2026-05-31 03:54:20,437 | INFO | [L4_TRANSPORT] | SEGMENT_COMPLETE | Total RTT (Processing): 4.00ms | Status: 200
2026-05-31 03:54:22,651 | INFO | [L7_APPLICATION] | API_REQUEST_IN | Method: GET | Path: /docs
2026-05-31 03:54:22,653 | INFO | [L6_PRESENTATION] | DE-ENCAPSULATION | Received Data PDU (Size: 0 bytes)
2026-05-31 03:54:22,653 | INFO | [L4_TRANSPORT] | SEGMENT_COMPLETE | Total RTT (Processing): 2.06ms | Status: 200
2026-05-31 03:54:28,044 | INFO | [L7_APPLICATION] | API_REQUEST_IN | Method: GET | Path: /redoc
2026-05-31 03:54:28,056 | INFO | [L6_PRESENTATION] | DE-ENCAPSULATION | Received Data PDU (Size: 0 bytes)
2026-05-31 03:54:28,073 | INFO | [L4_TRANSPORT] | SEGMENT_COMPLETE | Total RTT (Processing): 29.00ms | Status: 200
2026-05-31 03:54:29,792 | INFO | [L7_APPLICATION] | API_REQUEST_IN | Method: GET | Path: /redoc
2026-05-31 03:54:29,793 | INFO | [L6_PRESENTATION] | DE-ENCAPSULATION | Received Data PDU (Size: 0 bytes)
2026-05-31 03:54:29,795 | INFO | [L4_TRANSPORT] | SEGMENT_COMPLETE | Total RTT (Processing): 3.00ms | Status: 200
2026-05-31 03:54:30,351 | INFO | [L7_APPLICATION] | API_REQUEST_IN | Method: GET | Path: /redoc
2026-05-31 03:54:30,352 | INFO | [L6_PRESENTATION] | DE-ENCAPSULATION | Received Data PDU (Size: 0 bytes)
2026-05-31 03:54:30,354 | INFO | [L4_TRANSPORT] | SEGMENT_COMPLETE | Total RTT (Processing): 3.00ms | Status: 200
2026-05-31 03:54:30,527 | INFO | [L7_APPLICATION] | API_REQUEST_IN | Method: GET | Path: /redoc
2026-05-31 03:54:30,528 | INFO | [L6_PRESENTATION] | DE-ENCAPSULATION | Received Data PDU (Size: 0 bytes)
2026-05-31 03:54:30,531 | INFO | [L4_TRANSPORT] | SEGMENT_COMPLETE | Total RTT (Processing): 3.00ms | Status: 200
2026-05-31 03:54:30,722 | INFO | [L7_APPLICATION] | API_REQUEST_IN | Method: GET | Path: /redoc
2026-05-31 03:54:30,729 | INFO | [L6_PRESENTATION] | DE-ENCAPSULATION | Received Data PDU (Size: 0 bytes)
2026-05-31 03:54:30,733 | INFO | [L4_TRANSPORT] | SEGMENT_COMPLETE | Total RTT (Processing): 11.49ms | Status: 200
2026-05-31 03:54:45,235 | INFO | [L7_APPLICATION] | API_REQUEST_IN | Method: GET | Path: /docs
2026-05-31 03:54:45,248 | INFO | [L6_PRESENTATION] | DE-ENCAPSULATION | Received Data PDU (Size: 0 bytes)
2026-05-31 03:54:45,253 | INFO | [L4_TRANSPORT] | SEGMENT_COMPLETE | Total RTT (Processing): 18.52ms | Status: 200
2026-05-31 03:54:47,017 | INFO | [L7_APPLICATION] | API_REQUEST_IN | Method: GET | Path: /docs
2026-05-31 03:54:47,018 | INFO | [L6_PRESENTATION] | DE-ENCAPSULATION | Received Data PDU (Size: 0 bytes)
2026-05-31 03:54:47,020 | INFO | [L4_TRANSPORT] | SEGMENT_COMPLETE | Total RTT (Processing): 3.00ms | Status: 200
2026-05-31 03:54:47,624 | INFO | [L7_APPLICATION] | API_REQUEST_IN | Method: GET | Path: /docs
2026-05-31 03:54:47,625 | INFO | [L6_PRESENTATION] | DE-ENCAPSULATION | Received Data PDU (Size: 0 bytes)
2026-05-31 03:54:47,628 | INFO | [L4_TRANSPORT] | SEGMENT_COMPLETE | Total RTT (Processing): 4.00ms | Status: 200
2026-05-31 03:54:47,835 | INFO | [L7_APPLICATION] | API_REQUEST_IN | Method: GET | Path: /docs
2026-05-31 03:54:47,836 | INFO | [L6_PRESENTATION] | DE-ENCAPSULATION | Received Data PDU (Size: 0 bytes)
2026-05-31 03:54:47,841 | INFO | [L4_TRANSPORT] | SEGMENT_COMPLETE | Total RTT (Processing): 7.00ms | Status: 200
2026-05-31 03:54:48,175 | INFO | [L7_APPLICATION] | API_REQUEST_IN | Method: GET | Path: /docs
2026-05-31 03:54:48,187 | INFO | [L6_PRESENTATION] | DE-ENCAPSULATION | Received Data PDU (Size: 0 bytes)
2026-05-31 03:54:48,215 | INFO | [L4_TRANSPORT] | SEGMENT_COMPLETE | Total RTT (Processing): 40.00ms | Status: 200
2026-05-31 03:55:19,328 | INFO | [L7_APPLICATION] | API_REQUEST_IN | Method: GET | Path: /health
2026-05-31 03:55:19,340 | INFO | [L6_PRESENTATION] | DE-ENCAPSULATION | Received Data PDU (Size: 0 bytes)
2026-05-31 03:55:19,456 | INFO | [L4_TRANSPORT] | SEGMENT_COMPLETE | Total RTT (Processing): 128.00ms | Status: 200
2026-05-31 03:56:46,270 | INFO | [L7_APPLICATION] | API_REQUEST_IN | Method: GET | Path: /docs
2026-05-31 03:56:46,283 | INFO | [L6_PRESENTATION] | DE-ENCAPSULATION | Received Data PDU (Size: 0 bytes)
2026-05-31 03:56:46,304 | INFO | [L4_TRANSPORT] | SEGMENT_COMPLETE | Total RTT (Processing): 33.99ms | Status: 200
2026-05-31 03:59:11,664 | INFO | [L7_APPLICATION] | API_REQUEST_IN | Method: GET | Path: /redoc
2026-05-31 03:59:11,693 | INFO | [L6_PRESENTATION] | DE-ENCAPSULATION | Received Data PDU (Size: 0 bytes)
2026-05-31 03:59:11,710 | INFO | [L4_TRANSPORT] | SEGMENT_COMPLETE | Total RTT (Processing): 45.99ms | Status: 200
2026-05-31 03:59:24,497 | INFO | [L7_APPLICATION] | API_REQUEST_IN | Method: GET | Path: /docs
2026-05-31 03:59:24,498 | INFO | [L6_PRESENTATION] | DE-ENCAPSULATION | Received Data PDU (Size: 0 bytes)
2026-05-31 03:59:24,501 | INFO | [L4_TRANSPORT] | SEGMENT_COMPLETE | Total RTT (Processing): 4.00ms | Status: 200
2026-05-31 03:59:27,158 | INFO | [L7_APPLICATION] | API_REQUEST_IN | Method: GET | Path: /docs
2026-05-31 03:59:27,160 | INFO | [L6_PRESENTATION] | DE-ENCAPSULATION | Received Data PDU (Size: 0 bytes)
2026-05-31 03:59:27,165 | INFO | [L4_TRANSPORT] | SEGMENT_COMPLETE | Total RTT (Processing): 6.92ms | Status: 200
2026-05-31 03:59:27,868 | INFO | [L7_APPLICATION] | API_REQUEST_IN | Method: GET | Path: /docs
2026-05-31 03:59:27,869 | INFO | [L6_PRESENTATION] | DE-ENCAPSULATION | Received Data PDU (Size: 0 bytes)
2026-05-31 03:59:27,873 | INFO | [L4_TRANSPORT] | SEGMENT_COMPLETE | Total RTT (Processing): 5.00ms | Status: 200
2026-05-31 03:59:28,094 | INFO | [L7_APPLICATION] | API_REQUEST_IN | Method: GET | Path: /docs
2026-05-31 03:59:28,096 | INFO | [L6_PRESENTATION] | DE-ENCAPSULATION | Received Data PDU (Size: 0 bytes)
2026-05-31 03:59:28,100 | INFO | [L4_TRANSPORT] | SEGMENT_COMPLETE | Total RTT (Processing): 6.00ms | Status: 200
2026-05-31 03:59:28,400 | INFO | [L7_APPLICATION] | API_REQUEST_IN | Method: GET | Path: /docs
2026-05-31 03:59:28,406 | INFO | [L6_PRESENTATION] | DE-ENCAPSULATION | Received Data PDU (Size: 0 bytes)
2026-05-31 03:59:28,411 | INFO | [L4_TRANSPORT] | SEGMENT_COMPLETE | Total RTT (Processing): 11.01ms | Status: 200
2026-05-31 03:59:29,341 | INFO | [L7_APPLICATION] | API_REQUEST_IN | Method: GET | Path: /docs
2026-05-31 03:59:29,342 | INFO | [L6_PRESENTATION] | DE-ENCAPSULATION | Received Data PDU (Size: 0 bytes)
2026-05-31 03:59:29,345 | INFO | [L4_TRANSPORT] | SEGMENT_COMPLETE | Total RTT (Processing): 5.00ms | Status: 200
2026-05-31 03:59:32,571 | INFO | [L7_APPLICATION] | API_REQUEST_IN | Method: GET | Path: /redoc
2026-05-31 03:59:32,575 | INFO | [L6_PRESENTATION] | DE-ENCAPSULATION | Received Data PDU (Size: 0 bytes)
2026-05-31 03:59:32,580 | INFO | [L4_TRANSPORT] | SEGMENT_COMPLETE | Total RTT (Processing): 9.00ms | Status: 200
2026-05-31 03:59:33,092 | INFO | [L7_APPLICATION] | API_REQUEST_IN | Method: GET | Path: /redoc
2026-05-31 03:59:33,097 | INFO | [L6_PRESENTATION] | DE-ENCAPSULATION | Received Data PDU (Size: 0 bytes)
2026-05-31 03:59:33,114 | INFO | [L4_TRANSPORT] | SEGMENT_COMPLETE | Total RTT (Processing): 22.01ms | Status: 200
2026-05-31 03:59:39,082 | INFO | [L7_APPLICATION] | API_REQUEST_IN | Method: GET | Path: /redoc
2026-05-31 03:59:39,084 | INFO | [L6_PRESENTATION] | DE-ENCAPSULATION | Received Data PDU (Size: 0 bytes)
2026-05-31 03:59:39,087 | INFO | [L4_TRANSPORT] | SEGMENT_COMPLETE | Total RTT (Processing): 6.00ms | Status: 200
2026-05-31 03:59:40,503 | INFO | [L7_APPLICATION] | API_REQUEST_IN | Method: GET | Path: /redoc
2026-05-31 03:59:40,504 | INFO | [L6_PRESENTATION] | DE-ENCAPSULATION | Received Data PDU (Size: 0 bytes)
2026-05-31 03:59:40,507 | INFO | [L4_TRANSPORT] | SEGMENT_COMPLETE | Total RTT (Processing): 3.99ms | Status: 200
2026-05-31 03:59:40,784 | INFO | [L7_APPLICATION] | API_REQUEST_IN | Method: GET | Path: /redoc
2026-05-31 03:59:40,789 | INFO | [L6_PRESENTATION] | DE-ENCAPSULATION | Received Data PDU (Size: 0 bytes)
2026-05-31 03:59:40,797 | INFO | [L4_TRANSPORT] | SEGMENT_COMPLETE | Total RTT (Processing): 13.34ms | Status: 200
2026-05-31 03:59:40,974 | INFO | [L7_APPLICATION] | API_REQUEST_IN | Method: GET | Path: /redoc
2026-05-31 03:59:40,976 | INFO | [L6_PRESENTATION] | DE-ENCAPSULATION | Received Data PDU (Size: 0 bytes)
2026-05-31 03:59:40,978 | INFO | [L4_TRANSPORT] | SEGMENT_COMPLETE | Total RTT (Processing): 4.26ms | Status: 200
2026-05-31 03:59:41,423 | INFO | [L7_APPLICATION] | API_REQUEST_IN | Method: GET | Path: /redoc
2026-05-31 03:59:41,429 | INFO | [L6_PRESENTATION] | DE-ENCAPSULATION | Received Data PDU (Size: 0 bytes)
2026-05-31 03:59:41,434 | INFO | [L4_TRANSPORT] | SEGMENT_COMPLETE | Total RTT (Processing): 11.58ms | Status: 200
2026-05-31 03:59:56,520 | INFO | [L7_APPLICATION] | API_REQUEST_IN | Method: GET | Path: /docs
2026-05-31 03:59:56,527 | INFO | [L6_PRESENTATION] | DE-ENCAPSULATION | Received Data PDU (Size: 0 bytes)
2026-05-31 03:59:56,551 | INFO | [L4_TRANSPORT] | SEGMENT_COMPLETE | Total RTT (Processing): 31.41ms | Status: 200
2026-05-31 04:07:07,470 | INFO | [L7_APPLICATION] | API_REQUEST_IN | Method: GET | Path: /docs
2026-05-31 04:07:07,472 | INFO | [L6_PRESENTATION] | DE-ENCAPSULATION | Received Data PDU (Size: 0 bytes)
2026-05-31 04:07:07,476 | INFO | [L4_TRANSPORT] | SEGMENT_COMPLETE | Total RTT (Processing): 5.99ms | Status: 200
2026-05-31 04:07:34,475 | INFO | [L7_APPLICATION] | API_REQUEST_IN | Method: GET | Path: /docs
2026-05-31 04:07:34,476 | INFO | [L6_PRESENTATION] | DE-ENCAPSULATION | Received Data PDU (Size: 0 bytes)
2026-05-31 04:07:34,483 | INFO | [L4_TRANSPORT] | SEGMENT_COMPLETE | Total RTT (Processing): 8.00ms | Status: 200
2026-05-31 04:07:35,583 | INFO | [L7_APPLICATION] | API_REQUEST_IN | Method: GET | Path: /docs
2026-05-31 04:07:35,584 | INFO | [L6_PRESENTATION] | DE-ENCAPSULATION | Received Data PDU (Size: 0 bytes)
2026-05-31 04:07:35,592 | INFO | [L4_TRANSPORT] | SEGMENT_COMPLETE | Total RTT (Processing): 8.99ms | Status: 200
2026-05-31 04:08:09,035 | INFO | [L7_APPLICATION] | API_REQUEST_IN | Method: GET | Path: /openapi.json
2026-05-31 04:08:09,040 | INFO | [L6_PRESENTATION] | DE-ENCAPSULATION | Received Data PDU (Size: 0 bytes)
2026-05-31 04:08:09,283 | INFO | [L4_TRANSPORT] | SEGMENT_COMPLETE | Total RTT (Processing): 248.00ms | Status: 200
2026-05-31 04:11:55,172 | INFO | [L7_APPLICATION] | API_REQUEST_IN | Method: GET | Path: /docs
2026-05-31 04:11:55,175 | INFO | [L6_PRESENTATION] | DE-ENCAPSULATION | Received Data PDU (Size: 0 bytes)
2026-05-31 04:11:55,180 | INFO | [L4_TRANSPORT] | SEGMENT_COMPLETE | Total RTT (Processing): 9.03ms | Status: 200
2026-05-31 04:13:09,382 | INFO | [L7_APPLICATION] | API_REQUEST_IN | Method: GET | Path: /swagger
2026-05-31 04:13:09,408 | INFO | [L6_PRESENTATION] | DE-ENCAPSULATION | Received Data PDU (Size: 0 bytes)
2026-05-31 04:13:09,415 | INFO | [L4_TRANSPORT] | SEGMENT_COMPLETE | Total RTT (Processing): 33.18ms | Status: 404
2026-05-31 04:13:25,512 | INFO | [L7_APPLICATION] | API_REQUEST_IN | Method: GET | Path: /openapi.json
2026-05-31 04:13:25,588 | INFO | [L6_PRESENTATION] | DE-ENCAPSULATION | Received Data PDU (Size: 0 bytes)
2026-05-31 04:13:26,083 | INFO | [L4_TRANSPORT] | SEGMENT_COMPLETE | Total RTT (Processing): 585.92ms | Status: 200
2026-05-31 04:13:33,620 | INFO | [L7_APPLICATION] | API_REQUEST_IN | Method: GET | Path: /docs
2026-05-31 04:13:33,622 | INFO | [L6_PRESENTATION] | DE-ENCAPSULATION | Received Data PDU (Size: 0 bytes)
2026-05-31 04:13:33,624 | INFO | [L4_TRANSPORT] | SEGMENT_COMPLETE | Total RTT (Processing): 4.03ms | Status: 200
2026-05-31 04:33:57,339 | INFO | [L7_APPLICATION] | API_REQUEST_IN | Method: GET | Path: /api/v1/bicycles/
2026-05-31 04:33:57,351 | INFO | [L6_PRESENTATION] | DE-ENCAPSULATION | Received Data PDU (Size: 0 bytes)
2026-05-31 04:33:57,368 | INFO | [L7_APPLICATION] | API_REQUEST_IN | Method: GET | Path: /api/v1/taxis/
2026-05-31 04:33:57,402 | INFO | [L6_PRESENTATION] | DE-ENCAPSULATION | Received Data PDU (Size: 0 bytes)
2026-05-31 04:33:57,421 | INFO | [L7_APPLICATION] | API_REQUEST_IN | Method: GET | Path: /api/v1/buses/
2026-05-31 04:33:57,491 | INFO | [L6_PRESENTATION] | DE-ENCAPSULATION | Received Data PDU (Size: 0 bytes)
2026-05-31 04:33:57,507 | INFO | [L7_APPLICATION] | API_REQUEST_IN | Method: GET | Path: /api/v1/drivers/
2026-05-31 04:33:57,515 | INFO | [L6_PRESENTATION] | DE-ENCAPSULATION | Received Data PDU (Size: 0 bytes)
2026-05-31 04:33:57,520 | INFO | [L7_APPLICATION] | API_REQUEST_IN | Method: GET | Path: /api/v1/students/
2026-05-31 04:33:57,527 | INFO | [L6_PRESENTATION] | DE-ENCAPSULATION | Received Data PDU (Size: 0 bytes)
2026-05-31 04:33:57,621 | INFO | [DATABASE_LAYER] | ENDPOINT_CALL | GET /bicycles/ - skip: 0, limit: 100
2026-05-31 04:33:57,626 | INFO | [DATABASE_LAYER] | SQL_QUERY | SELECT bicycles OFFSET 0 LIMIT 100
2026-05-31 04:33:57,734 | INFO | [DATABASE_LAYER] | ENDPOINT_CALL | GET /taxis/ - skip: 0, limit: 100
2026-05-31 04:33:57,737 | INFO | [DATABASE_LAYER] | SQL_QUERY | SELECT taxis OFFSET 0 LIMIT 100
2026-05-31 04:33:57,783 | INFO | [DATABASE_LAYER] | ENDPOINT_CALL | GET /buses/ - skip: 0, limit: 100
2026-05-31 04:33:57,785 | INFO | [DATABASE_LAYER] | SQL_QUERY | SELECT buses OFFSET 0 LIMIT 100
2026-05-31 04:33:57,796 | INFO | [DATABASE_LAYER] | ENDPOINT_CALL | GET /drivers/ - skip: 0, limit: 100
2026-05-31 04:33:57,796 | INFO | [DATABASE_LAYER] | SQL_QUERY | SELECT drivers OFFSET 0 LIMIT 100
2026-05-31 04:33:57,809 | INFO | [DATABASE_LAYER] | ENDPOINT_CALL | GET /students/ - skip: 0, limit: 100
2026-05-31 04:33:57,809 | INFO | [DATABASE_LAYER] | SQL_QUERY | SELECT students OFFSET 0 LIMIT 100
2026-05-31 04:33:58,710 | INFO | [L4_TRANSPORT] | SEGMENT_COMPLETE | Total RTT (Processing): 1380.84ms | Status: 200
2026-05-31 04:33:58,883 | INFO | [L7_APPLICATION] | API_REQUEST_IN | Method: GET | Path: /api/v1/bicycles/
2026-05-31 04:33:58,890 | INFO | [L6_PRESENTATION] | DE-ENCAPSULATION | Received Data PDU (Size: 0 bytes)
2026-05-31 04:33:58,894 | INFO | [DATABASE_LAYER] | ENDPOINT_CALL | GET /bicycles/ - skip: 0, limit: 100
2026-05-31 04:33:58,896 | INFO | [DATABASE_LAYER] | SQL_QUERY | SELECT bicycles OFFSET 0 LIMIT 100
2026-05-31 04:33:58,908 | INFO | [L4_TRANSPORT] | SEGMENT_COMPLETE | Total RTT (Processing): 20.87ms | Status: 200
2026-05-31 04:33:58,958 | INFO | [L4_TRANSPORT] | SEGMENT_COMPLETE | Total RTT (Processing): 1451.63ms | Status: 200
2026-05-31 04:33:58,961 | INFO | [L4_TRANSPORT] | SEGMENT_COMPLETE | Total RTT (Processing): 1594.22ms | Status: 200
2026-05-31 04:33:59,003 | INFO | [L4_TRANSPORT] | SEGMENT_COMPLETE | Total RTT (Processing): 1484.36ms | Status: 200
2026-05-31 04:33:59,013 | INFO | [L4_TRANSPORT] | SEGMENT_COMPLETE | Total RTT (Processing): 1591.58ms | Status: 200
2026-05-31 04:33:59,060 | INFO | [L7_APPLICATION] | API_REQUEST_IN | Method: GET | Path: /api/v1/taxis/
2026-05-31 04:33:59,083 | INFO | [L6_PRESENTATION] | DE-ENCAPSULATION | Received Data PDU (Size: 0 bytes)
2026-05-31 04:33:59,088 | INFO | [L7_APPLICATION] | API_REQUEST_IN | Method: GET | Path: /api/v1/drivers/
2026-05-31 04:33:59,092 | INFO | [L6_PRESENTATION] | DE-ENCAPSULATION | Received Data PDU (Size: 0 bytes)
2026-05-31 04:33:59,105 | INFO | [DATABASE_LAYER] | ENDPOINT_CALL | GET /taxis/ - skip: 0, limit: 100
2026-05-31 04:33:59,109 | INFO | [DATABASE_LAYER] | SQL_QUERY | SELECT taxis OFFSET 0 LIMIT 100
2026-05-31 04:33:59,119 | INFO | [DATABASE_LAYER] | ENDPOINT_CALL | GET /drivers/ - skip: 0, limit: 100
2026-05-31 04:33:59,126 | INFO | [DATABASE_LAYER] | SQL_QUERY | SELECT drivers OFFSET 0 LIMIT 100
2026-05-31 04:33:59,134 | INFO | [L7_APPLICATION] | API_REQUEST_IN | Method: GET | Path: /api/v1/students/
2026-05-31 04:33:59,139 | INFO | [L6_PRESENTATION] | DE-ENCAPSULATION | Received Data PDU (Size: 0 bytes)
2026-05-31 04:33:59,145 | INFO | [L7_APPLICATION] | API_REQUEST_IN | Method: GET | Path: /api/v1/buses/
2026-05-31 04:33:59,179 | INFO | [L6_PRESENTATION] | DE-ENCAPSULATION | Received Data PDU (Size: 0 bytes)
2026-05-31 04:33:59,207 | INFO | [DATABASE_LAYER] | ENDPOINT_CALL | GET /students/ - skip: 0, limit: 100
2026-05-31 04:33:59,209 | INFO | [DATABASE_LAYER] | SQL_QUERY | SELECT students OFFSET 0 LIMIT 100
2026-05-31 04:33:59,218 | INFO | [DATABASE_LAYER] | ENDPOINT_CALL | GET /buses/ - skip: 0, limit: 100
2026-05-31 04:33:59,223 | INFO | [DATABASE_LAYER] | SQL_QUERY | SELECT buses OFFSET 0 LIMIT 100
2026-05-31 04:33:59,245 | INFO | [L4_TRANSPORT] | SEGMENT_COMPLETE | Total RTT (Processing): 157.55ms | Status: 200
2026-05-31 04:33:59,259 | INFO | [L4_TRANSPORT] | SEGMENT_COMPLETE | Total RTT (Processing): 125.37ms | Status: 200
2026-05-31 04:33:59,266 | INFO | [L4_TRANSPORT] | SEGMENT_COMPLETE | Total RTT (Processing): 120.15ms | Status: 200
2026-05-31 04:33:59,272 | INFO | [L4_TRANSPORT] | SEGMENT_COMPLETE | Total RTT (Processing): 211.15ms | Status: 200
